{"/Users/akhilp/Documents/Gauntlet/Pharmachy Calculator/ndc-calculator/src/lib/api/fda-ndc.ts": {"path":"/Users/akhilp/Documents/Gauntlet/Pharmachy Calculator/ndc-calculator/src/lib/api/fda-ndc.ts","statementMap":{"0":{"start":{"line":3,"column":21},"end":{"line":3,"column":null}},"1":{"start":{"line":11,"column":15},"end":{"line":11,"column":null}},"2":{"start":{"line":13,"column":1},"end":{"line":18,"column":null}},"3":{"start":{"line":14,"column":2},"end":{"line":17,"column":null}},"4":{"start":{"line":21,"column":1},"end":{"line":24,"column":null}},"5":{"start":{"line":33,"column":20},"end":{"line":33,"column":null}},"6":{"start":{"line":35,"column":1},"end":{"line":42,"column":null}},"7":{"start":{"line":37,"column":2},"end":{"line":37,"column":null}},"8":{"start":{"line":38,"column":1},"end":{"line":42,"column":null}},"9":{"start":{"line":41,"column":2},"end":{"line":41,"column":null}},"10":{"start":{"line":45,"column":1},"end":{"line":45,"column":null}},"11":{"start":{"line":55,"column":1},"end":{"line":55,"column":null}},"12":{"start":{"line":55,"column":17},"end":{"line":55,"column":null}},"13":{"start":{"line":57,"column":13},"end":{"line":57,"column":null}},"14":{"start":{"line":58,"column":15},"end":{"line":58,"column":null}},"15":{"start":{"line":60,"column":1},"end":{"line":62,"column":null}},"16":{"start":{"line":61,"column":2},"end":{"line":61,"column":null}},"17":{"start":{"line":64,"column":1},"end":{"line":69,"column":null}},"18":{"start":{"line":65,"column":14},"end":{"line":65,"column":null}},"19":{"start":{"line":66,"column":2},"end":{"line":68,"column":null}},"20":{"start":{"line":67,"column":3},"end":{"line":67,"column":null}},"21":{"start":{"line":71,"column":1},"end":{"line":71,"column":null}},"22":{"start":{"line":78,"column":1},"end":{"line":78,"column":null}},"23":{"start":{"line":78,"column":39},"end":{"line":78,"column":null}},"24":{"start":{"line":80,"column":14},"end":{"line":80,"column":null}},"25":{"start":{"line":81,"column":15},"end":{"line":81,"column":null}},"26":{"start":{"line":82,"column":13},"end":{"line":82,"column":null}},"27":{"start":{"line":84,"column":1},"end":{"line":84,"column":null}},"28":{"start":{"line":91,"column":23},"end":{"line":91,"column":null}},"29":{"start":{"line":93,"column":1},"end":{"line":155,"column":null}},"30":{"start":{"line":95,"column":21},"end":{"line":95,"column":null}},"31":{"start":{"line":96,"column":14},"end":{"line":96,"column":null}},"32":{"start":{"line":98,"column":19},"end":{"line":98,"column":null}},"33":{"start":{"line":100,"column":2},"end":{"line":105,"column":null}},"34":{"start":{"line":101,"column":3},"end":{"line":103,"column":null}},"35":{"start":{"line":102,"column":4},"end":{"line":102,"column":null}},"36":{"start":{"line":104,"column":3},"end":{"line":104,"column":null}},"37":{"start":{"line":107,"column":15},"end":{"line":107,"column":null}},"38":{"start":{"line":109,"column":2},"end":{"line":111,"column":null}},"39":{"start":{"line":110,"column":3},"end":{"line":110,"column":null}},"40":{"start":{"line":113,"column":17},"end":{"line":113,"column":null}},"41":{"start":{"line":116,"column":20},"end":{"line":116,"column":null}},"42":{"start":{"line":117,"column":2},"end":{"line":124,"column":null}},"43":{"start":{"line":118,"column":22},"end":{"line":120,"column":null}},"44":{"start":{"line":119,"column":18},"end":{"line":119,"column":null}},"45":{"start":{"line":121,"column":3},"end":{"line":123,"column":null}},"46":{"start":{"line":122,"column":4},"end":{"line":122,"column":null}},"47":{"start":{"line":126,"column":2},"end":{"line":128,"column":null}},"48":{"start":{"line":127,"column":3},"end":{"line":127,"column":null}},"49":{"start":{"line":130,"column":25},"end":{"line":130,"column":null}},"50":{"start":{"line":132,"column":33},"end":{"line":145,"column":null}},"51":{"start":{"line":147,"column":2},"end":{"line":147,"column":null}},"52":{"start":{"line":149,"column":29},"end":{"line":153,"column":null}},"53":{"start":{"line":154,"column":2},"end":{"line":154,"column":null}},"54":{"start":{"line":162,"column":32},"end":{"line":162,"column":null}},"55":{"start":{"line":165,"column":19},"end":{"line":165,"column":null}},"56":{"start":{"line":166,"column":1},"end":{"line":179,"column":null}},"57":{"start":{"line":166,"column":14},"end":{"line":166,"column":17}},"58":{"start":{"line":167,"column":16},"end":{"line":167,"column":null}},"59":{"start":{"line":168,"column":19},"end":{"line":170,"column":null}},"60":{"start":{"line":169,"column":3},"end":{"line":169,"column":null}},"61":{"start":{"line":169,"column":38},"end":{"line":169,"column":42}},"62":{"start":{"line":171,"column":18},"end":{"line":171,"column":null}},"63":{"start":{"line":173,"column":2},"end":{"line":173,"column":null}},"64":{"start":{"line":173,"column":62},"end":{"line":173,"column":74}},"65":{"start":{"line":176,"column":2},"end":{"line":178,"column":null}},"66":{"start":{"line":177,"column":3},"end":{"line":177,"column":null}},"67":{"start":{"line":177,"column":34},"end":{"line":177,"column":58}},"68":{"start":{"line":181,"column":1},"end":{"line":181,"column":null}},"69":{"start":{"line":188,"column":1},"end":{"line":236,"column":null}},"70":{"start":{"line":189,"column":14},"end":{"line":189,"column":null}},"71":{"start":{"line":191,"column":19},"end":{"line":191,"column":null}},"72":{"start":{"line":193,"column":2},"end":{"line":198,"column":null}},"73":{"start":{"line":194,"column":3},"end":{"line":196,"column":null}},"74":{"start":{"line":195,"column":4},"end":{"line":195,"column":null}},"75":{"start":{"line":197,"column":3},"end":{"line":197,"column":null}},"76":{"start":{"line":200,"column":15},"end":{"line":200,"column":null}},"77":{"start":{"line":202,"column":2},"end":{"line":204,"column":null}},"78":{"start":{"line":203,"column":3},"end":{"line":203,"column":null}},"79":{"start":{"line":206,"column":33},"end":{"line":206,"column":null}},"80":{"start":{"line":208,"column":2},"end":{"line":226,"column":null}},"81":{"start":{"line":209,"column":3},"end":{"line":209,"column":null}},"82":{"start":{"line":209,"column":26},"end":{"line":209,"column":null}},"83":{"start":{"line":211,"column":3},"end":{"line":225,"column":null}},"84":{"start":{"line":212,"column":27},"end":{"line":212,"column":null}},"85":{"start":{"line":214,"column":4},"end":{"line":224,"column":null}},"86":{"start":{"line":228,"column":2},"end":{"line":228,"column":null}},"87":{"start":{"line":230,"column":29},"end":{"line":234,"column":null}},"88":{"start":{"line":235,"column":2},"end":{"line":235,"column":null}}},"fnMap":{"0":{"name":"parsePackageDescription","decl":{"start":{"line":9,"column":9},"end":{"line":9,"column":33}},"loc":{"start":{"line":9,"column":86},"end":{"line":25,"column":null}},"line":9},"1":{"name":"normalizeNDC","decl":{"start":{"line":31,"column":16},"end":{"line":31,"column":29}},"loc":{"start":{"line":31,"column":50},"end":{"line":46,"column":null}},"line":31},"2":{"name":"isNDCActive","decl":{"start":{"line":51,"column":9},"end":{"line":51,"column":null}},"loc":{"start":{"line":54,"column":11},"end":{"line":72,"column":null}},"line":54},"3":{"name":"parseMarketingDate","decl":{"start":{"line":77,"column":9},"end":{"line":77,"column":28}},"loc":{"start":{"line":77,"column":58},"end":{"line":85,"column":null}},"line":77},"4":{"name":"getNDCPackageInfo","decl":{"start":{"line":90,"column":22},"end":{"line":90,"column":40}},"loc":{"start":{"line":90,"column":81},"end":{"line":156,"column":null}},"line":90},"5":{"name":"(anonymous_5)","decl":{"start":{"line":119,"column":4},"end":{"line":119,"column":5}},"loc":{"start":{"line":119,"column":18},"end":{"line":119,"column":null}},"line":119},"6":{"name":"getMultipleNDCPackages","decl":{"start":{"line":161,"column":22},"end":{"line":161,"column":45}},"loc":{"start":{"line":161,"column":84},"end":{"line":182,"column":null}},"line":161},"7":{"name":"(anonymous_7)","decl":{"start":{"line":168,"column":29},"end":{"line":168,"column":30}},"loc":{"start":{"line":169,"column":3},"end":{"line":169,"column":null}},"line":169},"8":{"name":"(anonymous_8)","decl":{"start":{"line":169,"column":32},"end":{"line":169,"column":38}},"loc":{"start":{"line":169,"column":38},"end":{"line":169,"column":42}},"line":169},"9":{"name":"(anonymous_9)","decl":{"start":{"line":173,"column":34},"end":{"line":173,"column":35}},"loc":{"start":{"line":173,"column":62},"end":{"line":173,"column":74}},"line":173},"10":{"name":"(anonymous_10)","decl":{"start":{"line":177,"column":21},"end":{"line":177,"column":22}},"loc":{"start":{"line":177,"column":34},"end":{"line":177,"column":58}},"line":177},"11":{"name":"searchNDCsByDrugName","decl":{"start":{"line":187,"column":22},"end":{"line":187,"column":43}},"loc":{"start":{"line":187,"column":104},"end":{"line":237,"column":null}},"line":187}},"branchMap":{"0":{"loc":{"start":{"line":13,"column":1},"end":{"line":18,"column":null}},"type":"if","locations":[{"start":{"line":13,"column":1},"end":{"line":18,"column":null}},{"start":{},"end":{}}],"line":13},"1":{"loc":{"start":{"line":35,"column":1},"end":{"line":42,"column":null}},"type":"if","locations":[{"start":{"line":35,"column":1},"end":{"line":42,"column":null}},{"start":{"line":38,"column":1},"end":{"line":42,"column":null}}],"line":35},"2":{"loc":{"start":{"line":38,"column":1},"end":{"line":42,"column":null}},"type":"if","locations":[{"start":{"line":38,"column":1},"end":{"line":42,"column":null}},{"start":{},"end":{}}],"line":38},"3":{"loc":{"start":{"line":55,"column":1},"end":{"line":55,"column":null}},"type":"if","locations":[{"start":{"line":55,"column":1},"end":{"line":55,"column":null}},{"start":{},"end":{}}],"line":55},"4":{"loc":{"start":{"line":60,"column":1},"end":{"line":62,"column":null}},"type":"if","locations":[{"start":{"line":60,"column":1},"end":{"line":62,"column":null}},{"start":{},"end":{}}],"line":60},"5":{"loc":{"start":{"line":60,"column":5},"end":{"line":60,"column":28}},"type":"binary-expr","locations":[{"start":{"line":60,"column":5},"end":{"line":60,"column":15}},{"start":{"line":60,"column":15},"end":{"line":60,"column":28}}],"line":60},"6":{"loc":{"start":{"line":64,"column":1},"end":{"line":69,"column":null}},"type":"if","locations":[{"start":{"line":64,"column":1},"end":{"line":69,"column":null}},{"start":{},"end":{}}],"line":64},"7":{"loc":{"start":{"line":66,"column":2},"end":{"line":68,"column":null}},"type":"if","locations":[{"start":{"line":66,"column":2},"end":{"line":68,"column":null}},{"start":{},"end":{}}],"line":66},"8":{"loc":{"start":{"line":66,"column":6},"end":{"line":66,"column":24}},"type":"binary-expr","locations":[{"start":{"line":66,"column":6},"end":{"line":66,"column":13}},{"start":{"line":66,"column":13},"end":{"line":66,"column":24}}],"line":66},"9":{"loc":{"start":{"line":78,"column":1},"end":{"line":78,"column":null}},"type":"if","locations":[{"start":{"line":78,"column":1},"end":{"line":78,"column":null}},{"start":{},"end":{}}],"line":78},"10":{"loc":{"start":{"line":78,"column":5},"end":{"line":78,"column":39}},"type":"binary-expr","locations":[{"start":{"line":78,"column":5},"end":{"line":78,"column":17}},{"start":{"line":78,"column":17},"end":{"line":78,"column":39}}],"line":78},"11":{"loc":{"start":{"line":100,"column":2},"end":{"line":105,"column":null}},"type":"if","locations":[{"start":{"line":100,"column":2},"end":{"line":105,"column":null}},{"start":{},"end":{}}],"line":100},"12":{"loc":{"start":{"line":101,"column":3},"end":{"line":103,"column":null}},"type":"if","locations":[{"start":{"line":101,"column":3},"end":{"line":103,"column":null}},{"start":{},"end":{}}],"line":101},"13":{"loc":{"start":{"line":109,"column":2},"end":{"line":111,"column":null}},"type":"if","locations":[{"start":{"line":109,"column":2},"end":{"line":111,"column":null}},{"start":{},"end":{}}],"line":109},"14":{"loc":{"start":{"line":109,"column":6},"end":{"line":109,"column":50}},"type":"binary-expr","locations":[{"start":{"line":109,"column":6},"end":{"line":109,"column":23}},{"start":{"line":109,"column":23},"end":{"line":109,"column":50}}],"line":109},"15":{"loc":{"start":{"line":117,"column":2},"end":{"line":124,"column":null}},"type":"if","locations":[{"start":{"line":117,"column":2},"end":{"line":124,"column":null}},{"start":{},"end":{}}],"line":117},"16":{"loc":{"start":{"line":117,"column":6},"end":{"line":117,"column":55}},"type":"binary-expr","locations":[{"start":{"line":117,"column":6},"end":{"line":117,"column":26}},{"start":{"line":117,"column":26},"end":{"line":117,"column":55}}],"line":117},"17":{"loc":{"start":{"line":121,"column":3},"end":{"line":123,"column":null}},"type":"if","locations":[{"start":{"line":121,"column":3},"end":{"line":123,"column":null}},{"start":{},"end":{}}],"line":121},"18":{"loc":{"start":{"line":126,"column":2},"end":{"line":128,"column":null}},"type":"if","locations":[{"start":{"line":126,"column":2},"end":{"line":128,"column":null}},{"start":{},"end":{}}],"line":126},"19":{"loc":{"start":{"line":130,"column":49},"end":{"line":130,"column":78}},"type":"binary-expr","locations":[{"start":{"line":130,"column":49},"end":{"line":130,"column":76}},{"start":{"line":130,"column":76},"end":{"line":130,"column":78}}],"line":130},"20":{"loc":{"start":{"line":133,"column":8},"end":{"line":133,"column":null}},"type":"binary-expr","locations":[{"start":{"line":133,"column":8},"end":{"line":133,"column":35}},{"start":{"line":133,"column":35},"end":{"line":133,"column":null}}],"line":133},"21":{"loc":{"start":{"line":134,"column":23},"end":{"line":134,"column":null}},"type":"binary-expr","locations":[{"start":{"line":134,"column":23},"end":{"line":134,"column":50}},{"start":{"line":134,"column":50},"end":{"line":134,"column":null}}],"line":134},"22":{"loc":{"start":{"line":137,"column":16},"end":{"line":137,"column":null}},"type":"binary-expr","locations":[{"start":{"line":137,"column":16},"end":{"line":137,"column":37}},{"start":{"line":137,"column":37},"end":{"line":137,"column":60}},{"start":{"line":137,"column":60},"end":{"line":137,"column":null}}],"line":137},"23":{"loc":{"start":{"line":138,"column":17},"end":{"line":138,"column":null}},"type":"binary-expr","locations":[{"start":{"line":138,"column":17},"end":{"line":138,"column":40}},{"start":{"line":138,"column":40},"end":{"line":138,"column":null}}],"line":138},"24":{"loc":{"start":{"line":150,"column":12},"end":{"line":150,"column":null}},"type":"cond-expr","locations":[{"start":{"line":150,"column":37},"end":{"line":150,"column":53}},{"start":{"line":150,"column":53},"end":{"line":150,"column":null}}],"line":150},"25":{"loc":{"start":{"line":176,"column":2},"end":{"line":178,"column":null}},"type":"if","locations":[{"start":{"line":176,"column":2},"end":{"line":178,"column":null}},{"start":{},"end":{}}],"line":176},"26":{"loc":{"start":{"line":187,"column":61},"end":{"line":187,"column":104}},"type":"default-arg","locations":[{"start":{"line":187,"column":77},"end":{"line":187,"column":104}}],"line":187},"27":{"loc":{"start":{"line":193,"column":2},"end":{"line":198,"column":null}},"type":"if","locations":[{"start":{"line":193,"column":2},"end":{"line":198,"column":null}},{"start":{},"end":{}}],"line":193},"28":{"loc":{"start":{"line":194,"column":3},"end":{"line":196,"column":null}},"type":"if","locations":[{"start":{"line":194,"column":3},"end":{"line":196,"column":null}},{"start":{},"end":{}}],"line":194},"29":{"loc":{"start":{"line":202,"column":2},"end":{"line":204,"column":null}},"type":"if","locations":[{"start":{"line":202,"column":2},"end":{"line":204,"column":null}},{"start":{},"end":{}}],"line":202},"30":{"loc":{"start":{"line":209,"column":3},"end":{"line":209,"column":null}},"type":"if","locations":[{"start":{"line":209,"column":3},"end":{"line":209,"column":null}},{"start":{},"end":{}}],"line":209},"31":{"loc":{"start":{"line":212,"column":51},"end":{"line":212,"column":72}},"type":"binary-expr","locations":[{"start":{"line":212,"column":51},"end":{"line":212,"column":70}},{"start":{"line":212,"column":70},"end":{"line":212,"column":72}}],"line":212},"32":{"loc":{"start":{"line":216,"column":25},"end":{"line":216,"column":null}},"type":"binary-expr","locations":[{"start":{"line":216,"column":25},"end":{"line":216,"column":44}},{"start":{"line":216,"column":44},"end":{"line":216,"column":null}}],"line":216},"33":{"loc":{"start":{"line":219,"column":18},"end":{"line":219,"column":null}},"type":"binary-expr","locations":[{"start":{"line":219,"column":18},"end":{"line":219,"column":39}},{"start":{"line":219,"column":39},"end":{"line":219,"column":62}},{"start":{"line":219,"column":62},"end":{"line":219,"column":null}}],"line":219},"34":{"loc":{"start":{"line":220,"column":19},"end":{"line":220,"column":null}},"type":"binary-expr","locations":[{"start":{"line":220,"column":19},"end":{"line":220,"column":42}},{"start":{"line":220,"column":42},"end":{"line":220,"column":null}}],"line":220},"35":{"loc":{"start":{"line":231,"column":12},"end":{"line":231,"column":null}},"type":"cond-expr","locations":[{"start":{"line":231,"column":37},"end":{"line":231,"column":53}},{"start":{"line":231,"column":53},"end":{"line":231,"column":null}}],"line":231}},"s":{"0":2,"1":11,"2":11,"3":10,"4":1,"5":22,"6":22,"7":16,"8":6,"9":1,"10":5,"11":11,"12":0,"13":11,"14":11,"15":11,"16":0,"17":11,"18":1,"19":1,"20":1,"21":10,"22":12,"23":0,"24":12,"25":12,"26":12,"27":12,"28":18,"29":18,"30":18,"31":18,"32":18,"33":17,"34":2,"35":1,"36":1,"37":15,"38":15,"39":5,"40":10,"41":10,"42":18,"43":0,"44":0,"45":0,"46":0,"47":10,"48":1,"49":9,"50":18,"51":18,"52":2,"53":2,"54":3,"55":3,"56":3,"57":3,"58":4,"59":4,"60":10,"61":1,"62":4,"63":4,"64":10,"65":4,"66":1,"67":1,"68":4,"69":5,"70":5,"71":5,"72":5,"73":2,"74":1,"75":1,"76":3,"77":3,"78":1,"79":2,"80":2,"81":1,"82":0,"83":1,"84":2,"85":2,"86":2,"87":1,"88":1},"f":{"0":11,"1":22,"2":11,"3":12,"4":18,"5":0,"6":3,"7":10,"8":1,"9":10,"10":1,"11":5},"b":{"0":[10,1],"1":[16,6],"2":[1,5],"3":[0,11],"4":[0,11],"5":[11,11],"6":[1,10],"7":[1,0],"8":[1,1],"9":[0,12],"10":[12,12],"11":[2,15],"12":[1,1],"13":[5,10],"14":[15,15],"15":[0,18],"16":[18,10],"17":[0,0],"18":[1,9],"19":[9,0],"20":[18,0],"21":[18,0],"22":[18,5,0],"23":[18,0],"24":[2,0],"25":[1,3],"26":[5],"27":[2,3],"28":[1,1],"29":[1,2],"30":[0,1],"31":[2,0],"32":[2,0],"33":[2,0,0],"34":[2,0],"35":[1,0]},"meta":{"lastBranch":36,"lastFunction":12,"lastStatement":89,"seen":{"s:3:21:3:Infinity":0,"f:9:9:9:33":0,"s:11:15:11:Infinity":1,"b:13:1:18:Infinity:undefined:undefined:undefined:undefined":0,"s:13:1:18:Infinity":2,"s:14:2:17:Infinity":3,"s:21:1:24:Infinity":4,"f:31:16:31:29":1,"s:33:20:33:Infinity":5,"b:35:1:42:Infinity:38:1:42:Infinity":1,"s:35:1:42:Infinity":6,"s:37:2:37:Infinity":7,"b:38:1:42:Infinity:undefined:undefined:undefined:undefined":2,"s:38:1:42:Infinity":8,"s:41:2:41:Infinity":9,"s:45:1:45:Infinity":10,"f:51:9:51:Infinity":2,"b:55:1:55:Infinity:undefined:undefined:undefined:undefined":3,"s:55:1:55:Infinity":11,"s:55:17:55:Infinity":12,"s:57:13:57:Infinity":13,"s:58:15:58:Infinity":14,"b:60:1:62:Infinity:undefined:undefined:undefined:undefined":4,"s:60:1:62:Infinity":15,"b:60:5:60:15:60:15:60:28":5,"s:61:2:61:Infinity":16,"b:64:1:69:Infinity:undefined:undefined:undefined:undefined":6,"s:64:1:69:Infinity":17,"s:65:14:65:Infinity":18,"b:66:2:68:Infinity:undefined:undefined:undefined:undefined":7,"s:66:2:68:Infinity":19,"b:66:6:66:13:66:13:66:24":8,"s:67:3:67:Infinity":20,"s:71:1:71:Infinity":21,"f:77:9:77:28":3,"b:78:1:78:Infinity:undefined:undefined:undefined:undefined":9,"s:78:1:78:Infinity":22,"b:78:5:78:17:78:17:78:39":10,"s:78:39:78:Infinity":23,"s:80:14:80:Infinity":24,"s:81:15:81:Infinity":25,"s:82:13:82:Infinity":26,"s:84:1:84:Infinity":27,"f:90:22:90:40":4,"s:91:23:91:Infinity":28,"s:93:1:155:Infinity":29,"s:95:21:95:Infinity":30,"s:96:14:96:Infinity":31,"s:98:19:98:Infinity":32,"b:100:2:105:Infinity:undefined:undefined:undefined:undefined":11,"s:100:2:105:Infinity":33,"b:101:3:103:Infinity:undefined:undefined:undefined:undefined":12,"s:101:3:103:Infinity":34,"s:102:4:102:Infinity":35,"s:104:3:104:Infinity":36,"s:107:15:107:Infinity":37,"b:109:2:111:Infinity:undefined:undefined:undefined:undefined":13,"s:109:2:111:Infinity":38,"b:109:6:109:23:109:23:109:50":14,"s:110:3:110:Infinity":39,"s:113:17:113:Infinity":40,"s:116:20:116:Infinity":41,"b:117:2:124:Infinity:undefined:undefined:undefined:undefined":15,"s:117:2:124:Infinity":42,"b:117:6:117:26:117:26:117:55":16,"s:118:22:120:Infinity":43,"f:119:4:119:5":5,"s:119:18:119:Infinity":44,"b:121:3:123:Infinity:undefined:undefined:undefined:undefined":17,"s:121:3:123:Infinity":45,"s:122:4:122:Infinity":46,"b:126:2:128:Infinity:undefined:undefined:undefined:undefined":18,"s:126:2:128:Infinity":47,"s:127:3:127:Infinity":48,"s:130:25:130:Infinity":49,"b:130:49:130:76:130:76:130:78":19,"s:132:33:145:Infinity":50,"b:133:8:133:35:133:35:133:Infinity":20,"b:134:23:134:50:134:50:134:Infinity":21,"b:137:16:137:37:137:37:137:60:137:60:137:Infinity":22,"b:138:17:138:40:138:40:138:Infinity":23,"s:147:2:147:Infinity":51,"s:149:29:153:Infinity":52,"b:150:37:150:53:150:53:150:Infinity":24,"s:154:2:154:Infinity":53,"f:161:22:161:45":6,"s:162:32:162:Infinity":54,"s:165:19:165:Infinity":55,"s:166:1:179:Infinity":56,"s:166:14:166:17":57,"s:167:16:167:Infinity":58,"s:168:19:170:Infinity":59,"f:168:29:168:30":7,"s:169:3:169:Infinity":60,"f:169:32:169:38":8,"s:169:38:169:42":61,"s:171:18:171:Infinity":62,"s:173:2:173:Infinity":63,"f:173:34:173:35":9,"s:173:62:173:74":64,"b:176:2:178:Infinity:undefined:undefined:undefined:undefined":25,"s:176:2:178:Infinity":65,"s:177:3:177:Infinity":66,"f:177:21:177:22":10,"s:177:34:177:58":67,"s:181:1:181:Infinity":68,"f:187:22:187:43":11,"b:187:77:187:104":26,"s:188:1:236:Infinity":69,"s:189:14:189:Infinity":70,"s:191:19:191:Infinity":71,"b:193:2:198:Infinity:undefined:undefined:undefined:undefined":27,"s:193:2:198:Infinity":72,"b:194:3:196:Infinity:undefined:undefined:undefined:undefined":28,"s:194:3:196:Infinity":73,"s:195:4:195:Infinity":74,"s:197:3:197:Infinity":75,"s:200:15:200:Infinity":76,"b:202:2:204:Infinity:undefined:undefined:undefined:undefined":29,"s:202:2:204:Infinity":77,"s:203:3:203:Infinity":78,"s:206:33:206:Infinity":79,"s:208:2:226:Infinity":80,"b:209:3:209:Infinity:undefined:undefined:undefined:undefined":30,"s:209:3:209:Infinity":81,"s:209:26:209:Infinity":82,"s:211:3:225:Infinity":83,"s:212:27:212:Infinity":84,"b:212:51:212:70:212:70:212:72":31,"s:214:4:224:Infinity":85,"b:216:25:216:44:216:44:216:Infinity":32,"b:219:18:219:39:219:39:219:62:219:62:219:Infinity":33,"b:220:19:220:42:220:42:220:Infinity":34,"s:228:2:228:Infinity":86,"s:230:29:234:Infinity":87,"b:231:37:231:53:231:53:231:Infinity":35,"s:235:2:235:Infinity":88}}}
,"/Users/akhilp/Documents/Gauntlet/Pharmachy Calculator/ndc-calculator/src/lib/api/openai.ts": {"path":"/Users/akhilp/Documents/Gauntlet/Pharmachy Calculator/ndc-calculator/src/lib/api/openai.ts","statementMap":{"0":{"start":{"line":5,"column":54},"end":{"line":23,"column":null}},"1":{"start":{"line":25,"column":34},"end":{"line":25,"column":null}},"2":{"start":{"line":31,"column":1},"end":{"line":33,"column":null}},"3":{"start":{"line":32,"column":2},"end":{"line":32,"column":null}},"4":{"start":{"line":34,"column":1},"end":{"line":34,"column":null}},"5":{"start":{"line":41,"column":1},"end":{"line":50,"column":null}},"6":{"start":{"line":43,"column":17},"end":{"line":45,"column":null}},"7":{"start":{"line":46,"column":2},"end":{"line":48,"column":null}},"8":{"start":{"line":47,"column":3},"end":{"line":47,"column":null}},"9":{"start":{"line":49,"column":2},"end":{"line":49,"column":null}},"10":{"start":{"line":51,"column":1},"end":{"line":51,"column":null}},"11":{"start":{"line":58,"column":1},"end":{"line":167,"column":null}},"12":{"start":{"line":59,"column":17},"end":{"line":59,"column":null}},"13":{"start":{"line":61,"column":17},"end":{"line":68,"column":null}},"14":{"start":{"line":67,"column":27},"end":{"line":67,"column":50}},"15":{"start":{"line":98,"column":19},"end":{"line":114,"column":null}},"16":{"start":{"line":116,"column":18},"end":{"line":116,"column":null}},"17":{"start":{"line":117,"column":2},"end":{"line":119,"column":null}},"18":{"start":{"line":118,"column":3},"end":{"line":118,"column":null}},"19":{"start":{"line":121,"column":17},"end":{"line":121,"column":null}},"20":{"start":{"line":124,"column":2},"end":{"line":133,"column":null}},"21":{"start":{"line":132,"column":3},"end":{"line":132,"column":null}},"22":{"start":{"line":135,"column":28},"end":{"line":143,"column":null}},"23":{"start":{"line":145,"column":2},"end":{"line":145,"column":null}},"24":{"start":{"line":148,"column":2},"end":{"line":159,"column":null}},"25":{"start":{"line":149,"column":3},"end":{"line":158,"column":null}},"26":{"start":{"line":161,"column":29},"end":{"line":165,"column":null}},"27":{"start":{"line":166,"column":2},"end":{"line":166,"column":null}},"28":{"start":{"line":175,"column":1},"end":{"line":245,"column":null}},"29":{"start":{"line":176,"column":17},"end":{"line":176,"column":null}},"30":{"start":{"line":178,"column":17},"end":{"line":180,"column":null}},"31":{"start":{"line":204,"column":19},"end":{"line":219,"column":null}},"32":{"start":{"line":221,"column":18},"end":{"line":221,"column":null}},"33":{"start":{"line":222,"column":2},"end":{"line":224,"column":null}},"34":{"start":{"line":223,"column":3},"end":{"line":223,"column":null}},"35":{"start":{"line":226,"column":17},"end":{"line":226,"column":null}},"36":{"start":{"line":228,"column":2},"end":{"line":237,"column":null}},"37":{"start":{"line":239,"column":29},"end":{"line":243,"column":null}},"38":{"start":{"line":244,"column":2},"end":{"line":244,"column":null}},"39":{"start":{"line":249,"column":22},"end":{"line":251,"column":null}}},"fnMap":{"0":{"name":"initializeOpenAI","decl":{"start":{"line":30,"column":16},"end":{"line":30,"column":33}},"loc":{"start":{"line":30,"column":55},"end":{"line":35,"column":null}},"line":30},"1":{"name":"getClient","decl":{"start":{"line":40,"column":9},"end":{"line":40,"column":29}},"loc":{"start":{"line":40,"column":29},"end":{"line":52,"column":null}},"line":40},"2":{"name":"parseSIG","decl":{"start":{"line":57,"column":22},"end":{"line":57,"column":31}},"loc":{"start":{"line":57,"column":64},"end":{"line":168,"column":null}},"line":57},"3":{"name":"(anonymous_3)","decl":{"start":{"line":67,"column":6},"end":{"line":67,"column":7}},"loc":{"start":{"line":67,"column":27},"end":{"line":67,"column":50}},"line":67},"4":{"name":"parseTaperSIG","decl":{"start":{"line":174,"column":22},"end":{"line":174,"column":36}},"loc":{"start":{"line":174,"column":132},"end":{"line":246,"column":null}},"line":174}},"branchMap":{"0":{"loc":{"start":{"line":31,"column":1},"end":{"line":33,"column":null}},"type":"if","locations":[{"start":{"line":31,"column":1},"end":{"line":33,"column":null}},{"start":{},"end":{}}],"line":31},"1":{"loc":{"start":{"line":41,"column":1},"end":{"line":50,"column":null}},"type":"if","locations":[{"start":{"line":41,"column":1},"end":{"line":50,"column":null}},{"start":{},"end":{}}],"line":41},"2":{"loc":{"start":{"line":43,"column":17},"end":{"line":45,"column":null}},"type":"cond-expr","locations":[{"start":{"line":44,"column":5},"end":{"line":44,"column":null}},{"start":{"line":45,"column":5},"end":{"line":45,"column":null}}],"line":43},"3":{"loc":{"start":{"line":43,"column":17},"end":{"line":43,"column":null}},"type":"binary-expr","locations":[{"start":{"line":43,"column":17},"end":{"line":43,"column":51}},{"start":{"line":43,"column":51},"end":{"line":43,"column":null}}],"line":43},"4":{"loc":{"start":{"line":46,"column":2},"end":{"line":48,"column":null}},"type":"if","locations":[{"start":{"line":46,"column":2},"end":{"line":48,"column":null}},{"start":{},"end":{}}],"line":46},"5":{"loc":{"start":{"line":117,"column":2},"end":{"line":119,"column":null}},"type":"if","locations":[{"start":{"line":117,"column":2},"end":{"line":119,"column":null}},{"start":{},"end":{}}],"line":117},"6":{"loc":{"start":{"line":124,"column":2},"end":{"line":133,"column":null}},"type":"if","locations":[{"start":{"line":124,"column":2},"end":{"line":133,"column":null}},{"start":{},"end":{}}],"line":124},"7":{"loc":{"start":{"line":125,"column":3},"end":{"line":130,"column":null}},"type":"binary-expr","locations":[{"start":{"line":125,"column":3},"end":{"line":125,"column":null}},{"start":{"line":126,"column":3},"end":{"line":126,"column":null}},{"start":{"line":127,"column":3},"end":{"line":127,"column":null}},{"start":{"line":128,"column":3},"end":{"line":128,"column":null}},{"start":{"line":129,"column":3},"end":{"line":129,"column":null}},{"start":{"line":130,"column":3},"end":{"line":130,"column":null}}],"line":125},"8":{"loc":{"start":{"line":142,"column":24},"end":{"line":142,"column":null}},"type":"binary-expr","locations":[{"start":{"line":142,"column":24},"end":{"line":142,"column":54}},{"start":{"line":142,"column":54},"end":{"line":142,"column":null}}],"line":142},"9":{"loc":{"start":{"line":148,"column":2},"end":{"line":159,"column":null}},"type":"if","locations":[{"start":{"line":148,"column":2},"end":{"line":159,"column":null}},{"start":{},"end":{}}],"line":148},"10":{"loc":{"start":{"line":162,"column":12},"end":{"line":162,"column":null}},"type":"cond-expr","locations":[{"start":{"line":162,"column":37},"end":{"line":162,"column":53}},{"start":{"line":162,"column":53},"end":{"line":162,"column":null}}],"line":162},"11":{"loc":{"start":{"line":222,"column":2},"end":{"line":224,"column":null}},"type":"if","locations":[{"start":{"line":222,"column":2},"end":{"line":224,"column":null}},{"start":{},"end":{}}],"line":222},"12":{"loc":{"start":{"line":231,"column":14},"end":{"line":231,"column":null}},"type":"binary-expr","locations":[{"start":{"line":231,"column":14},"end":{"line":231,"column":34}},{"start":{"line":231,"column":34},"end":{"line":231,"column":null}}],"line":231},"13":{"loc":{"start":{"line":234,"column":16},"end":{"line":234,"column":null}},"type":"binary-expr","locations":[{"start":{"line":234,"column":16},"end":{"line":234,"column":38}},{"start":{"line":234,"column":38},"end":{"line":234,"column":null}}],"line":234},"14":{"loc":{"start":{"line":235,"column":24},"end":{"line":235,"column":null}},"type":"binary-expr","locations":[{"start":{"line":235,"column":24},"end":{"line":235,"column":54}},{"start":{"line":235,"column":54},"end":{"line":235,"column":null}}],"line":235},"15":{"loc":{"start":{"line":240,"column":12},"end":{"line":240,"column":null}},"type":"cond-expr","locations":[{"start":{"line":240,"column":37},"end":{"line":240,"column":53}},{"start":{"line":240,"column":53},"end":{"line":240,"column":null}}],"line":240}},"s":{"0":1,"1":1,"2":21,"3":2,"4":19,"5":17,"6":0,"7":0,"8":0,"9":0,"10":17,"11":12,"12":12,"13":12,"14":204,"15":12,"16":11,"17":12,"18":1,"19":10,"20":10,"21":1,"22":8,"23":12,"24":4,"25":1,"26":3,"27":4,"28":5,"29":5,"30":5,"31":5,"32":4,"33":5,"34":1,"35":3,"36":3,"37":3,"38":3,"39":1},"f":{"0":21,"1":17,"2":12,"3":204,"4":5},"b":{"0":[2,19],"1":[0,17],"2":[0,0],"3":[0,0],"4":[0,0],"5":[1,11],"6":[1,9],"7":[10,9,8,8,8,8],"8":[8,7],"9":[1,3],"10":[3,0],"11":[1,4],"12":[3,2],"13":[5,2],"14":[5,2],"15":[3,0]},"meta":{"lastBranch":16,"lastFunction":5,"lastStatement":40,"seen":{"s:5:54:23:Infinity":0,"s:25:34:25:Infinity":1,"f:30:16:30:33":0,"b:31:1:33:Infinity:undefined:undefined:undefined:undefined":0,"s:31:1:33:Infinity":2,"s:32:2:32:Infinity":3,"s:34:1:34:Infinity":4,"f:40:9:40:29":1,"b:41:1:50:Infinity:undefined:undefined:undefined:undefined":1,"s:41:1:50:Infinity":5,"s:43:17:45:Infinity":6,"b:44:5:44:Infinity:45:5:45:Infinity":2,"b:43:17:43:51:43:51:43:Infinity":3,"b:46:2:48:Infinity:undefined:undefined:undefined:undefined":4,"s:46:2:48:Infinity":7,"s:47:3:47:Infinity":8,"s:49:2:49:Infinity":9,"s:51:1:51:Infinity":10,"f:57:22:57:31":2,"s:58:1:167:Infinity":11,"s:59:17:59:Infinity":12,"s:61:17:68:Infinity":13,"f:67:6:67:7":3,"s:67:27:67:50":14,"s:98:19:114:Infinity":15,"s:116:18:116:Infinity":16,"b:117:2:119:Infinity:undefined:undefined:undefined:undefined":5,"s:117:2:119:Infinity":17,"s:118:3:118:Infinity":18,"s:121:17:121:Infinity":19,"b:124:2:133:Infinity:undefined:undefined:undefined:undefined":6,"s:124:2:133:Infinity":20,"b:125:3:125:Infinity:126:3:126:Infinity:127:3:127:Infinity:128:3:128:Infinity:129:3:129:Infinity:130:3:130:Infinity":7,"s:132:3:132:Infinity":21,"s:135:28:143:Infinity":22,"b:142:24:142:54:142:54:142:Infinity":8,"s:145:2:145:Infinity":23,"b:148:2:159:Infinity:undefined:undefined:undefined:undefined":9,"s:148:2:159:Infinity":24,"s:149:3:158:Infinity":25,"s:161:29:165:Infinity":26,"b:162:37:162:53:162:53:162:Infinity":10,"s:166:2:166:Infinity":27,"f:174:22:174:36":4,"s:175:1:245:Infinity":28,"s:176:17:176:Infinity":29,"s:178:17:180:Infinity":30,"s:204:19:219:Infinity":31,"s:221:18:221:Infinity":32,"b:222:2:224:Infinity:undefined:undefined:undefined:undefined":11,"s:222:2:224:Infinity":33,"s:223:3:223:Infinity":34,"s:226:17:226:Infinity":35,"s:228:2:237:Infinity":36,"b:231:14:231:34:231:34:231:Infinity":12,"b:234:16:234:38:234:38:234:Infinity":13,"b:235:24:235:54:235:54:235:Infinity":14,"s:239:29:243:Infinity":37,"b:240:37:240:53:240:53:240:Infinity":15,"s:244:2:244:Infinity":38,"s:249:22:251:Infinity":39}}}
,"/Users/akhilp/Documents/Gauntlet/Pharmachy Calculator/ndc-calculator/src/lib/api/rxnorm.ts": {"path":"/Users/akhilp/Documents/Gauntlet/Pharmachy Calculator/ndc-calculator/src/lib/api/rxnorm.ts","statementMap":{"0":{"start":{"line":3,"column":24},"end":{"line":3,"column":null}},"1":{"start":{"line":12,"column":17},"end":{"line":12,"column":null}},"2":{"start":{"line":16,"column":2},"end":{"line":16,"column":null}},"3":{"start":{"line":20,"column":16},"end":{"line":20,"column":null}},"4":{"start":{"line":21,"column":2},"end":{"line":21,"column":null}},"5":{"start":{"line":21,"column":14},"end":{"line":21,"column":null}},"6":{"start":{"line":23,"column":14},"end":{"line":23,"column":null}},"7":{"start":{"line":24,"column":2},"end":{"line":27,"column":null}},"8":{"start":{"line":25,"column":3},"end":{"line":25,"column":null}},"9":{"start":{"line":26,"column":3},"end":{"line":26,"column":null}},"10":{"start":{"line":29,"column":2},"end":{"line":29,"column":null}},"11":{"start":{"line":33,"column":2},"end":{"line":36,"column":null}},"12":{"start":{"line":40,"column":2},"end":{"line":40,"column":null}},"13":{"start":{"line":44,"column":19},"end":{"line":44,"column":null}},"14":{"start":{"line":50,"column":18},"end":{"line":50,"column":null}},"15":{"start":{"line":51,"column":16},"end":{"line":51,"column":null}},"16":{"start":{"line":52,"column":1},"end":{"line":54,"column":null}},"17":{"start":{"line":53,"column":2},"end":{"line":53,"column":null}},"18":{"start":{"line":56,"column":1},"end":{"line":115,"column":null}},"19":{"start":{"line":58,"column":19},"end":{"line":58,"column":null}},"20":{"start":{"line":59,"column":24},"end":{"line":59,"column":null}},"21":{"start":{"line":61,"column":2},"end":{"line":63,"column":null}},"22":{"start":{"line":62,"column":3},"end":{"line":62,"column":null}},"23":{"start":{"line":65,"column":20},"end":{"line":65,"column":null}},"24":{"start":{"line":66,"column":21},"end":{"line":66,"column":null}},"25":{"start":{"line":68,"column":2},"end":{"line":81,"column":null}},"26":{"start":{"line":70,"column":22},"end":{"line":70,"column":null}},"27":{"start":{"line":71,"column":27},"end":{"line":71,"column":null}},"28":{"start":{"line":72,"column":23},"end":{"line":72,"column":null}},"29":{"start":{"line":74,"column":31},"end":{"line":77,"column":null}},"30":{"start":{"line":79,"column":3},"end":{"line":79,"column":null}},"31":{"start":{"line":80,"column":3},"end":{"line":80,"column":null}},"32":{"start":{"line":84,"column":20},"end":{"line":84,"column":null}},"33":{"start":{"line":85,"column":25},"end":{"line":85,"column":null}},"34":{"start":{"line":87,"column":2},"end":{"line":89,"column":null}},"35":{"start":{"line":88,"column":3},"end":{"line":88,"column":null}},"36":{"start":{"line":91,"column":21},"end":{"line":91,"column":null}},"37":{"start":{"line":92,"column":21},"end":{"line":92,"column":null}},"38":{"start":{"line":94,"column":2},"end":{"line":96,"column":null}},"39":{"start":{"line":95,"column":3},"end":{"line":95,"column":null}},"40":{"start":{"line":99,"column":20},"end":{"line":99,"column":null}},"41":{"start":{"line":100,"column":30},"end":{"line":104,"column":null}},"42":{"start":{"line":106,"column":2},"end":{"line":106,"column":null}},"43":{"start":{"line":107,"column":2},"end":{"line":107,"column":null}},"44":{"start":{"line":109,"column":29},"end":{"line":113,"column":null}},"45":{"start":{"line":114,"column":2},"end":{"line":114,"column":null}},"46":{"start":{"line":123,"column":23},"end":{"line":123,"column":null}},"47":{"start":{"line":125,"column":18},"end":{"line":125,"column":null}},"48":{"start":{"line":126,"column":16},"end":{"line":126,"column":null}},"49":{"start":{"line":127,"column":1},"end":{"line":129,"column":null}},"50":{"start":{"line":128,"column":2},"end":{"line":128,"column":null}},"51":{"start":{"line":131,"column":1},"end":{"line":165,"column":null}},"52":{"start":{"line":132,"column":14},"end":{"line":132,"column":null}},"53":{"start":{"line":133,"column":19},"end":{"line":133,"column":null}},"54":{"start":{"line":135,"column":2},"end":{"line":137,"column":null}},"55":{"start":{"line":136,"column":3},"end":{"line":136,"column":null}},"56":{"start":{"line":139,"column":15},"end":{"line":139,"column":null}},"57":{"start":{"line":140,"column":16},"end":{"line":140,"column":null}},"58":{"start":{"line":142,"column":2},"end":{"line":144,"column":null}},"59":{"start":{"line":143,"column":3},"end":{"line":143,"column":null}},"60":{"start":{"line":147,"column":18},"end":{"line":147,"column":null}},"61":{"start":{"line":148,"column":23},"end":{"line":148,"column":null}},"62":{"start":{"line":149,"column":19},"end":{"line":149,"column":null}},"63":{"start":{"line":151,"column":30},"end":{"line":154,"column":null}},"64":{"start":{"line":156,"column":2},"end":{"line":156,"column":null}},"65":{"start":{"line":157,"column":2},"end":{"line":157,"column":null}},"66":{"start":{"line":159,"column":29},"end":{"line":163,"column":null}},"67":{"start":{"line":164,"column":2},"end":{"line":164,"column":null}},"68":{"start":{"line":172,"column":1},"end":{"line":191,"column":null}},"69":{"start":{"line":173,"column":14},"end":{"line":173,"column":null}},"70":{"start":{"line":174,"column":19},"end":{"line":174,"column":null}},"71":{"start":{"line":176,"column":2},"end":{"line":178,"column":null}},"72":{"start":{"line":177,"column":3},"end":{"line":177,"column":null}},"73":{"start":{"line":180,"column":15},"end":{"line":180,"column":null}},"74":{"start":{"line":181,"column":15},"end":{"line":181,"column":null}},"75":{"start":{"line":183,"column":2},"end":{"line":183,"column":null}},"76":{"start":{"line":185,"column":29},"end":{"line":189,"column":null}},"77":{"start":{"line":190,"column":2},"end":{"line":190,"column":null}},"78":{"start":{"line":198,"column":1},"end":{"line":212,"column":null}},"79":{"start":{"line":199,"column":14},"end":{"line":199,"column":null}},"80":{"start":{"line":200,"column":19},"end":{"line":200,"column":null}},"81":{"start":{"line":202,"column":2},"end":{"line":204,"column":null}},"82":{"start":{"line":203,"column":3},"end":{"line":203,"column":null}},"83":{"start":{"line":206,"column":15},"end":{"line":206,"column":null}},"84":{"start":{"line":207,"column":17},"end":{"line":207,"column":null}},"85":{"start":{"line":209,"column":2},"end":{"line":209,"column":null}},"86":{"start":{"line":211,"column":2},"end":{"line":211,"column":null}},"87":{"start":{"line":216,"column":23},"end":{"line":216,"column":null}}},"fnMap":{"0":{"name":"(anonymous_0)","decl":{"start":{"line":15,"column":1},"end":{"line":15,"column":13}},"loc":{"start":{"line":15,"column":38},"end":{"line":17,"column":null}},"line":15},"1":{"name":"(anonymous_1)","decl":{"start":{"line":19,"column":1},"end":{"line":19,"column":5}},"loc":{"start":{"line":19,"column":28},"end":{"line":30,"column":null}},"line":19},"2":{"name":"(anonymous_2)","decl":{"start":{"line":32,"column":1},"end":{"line":32,"column":5}},"loc":{"start":{"line":32,"column":33},"end":{"line":37,"column":null}},"line":32},"3":{"name":"(anonymous_3)","decl":{"start":{"line":39,"column":1},"end":{"line":39,"column":15}},"loc":{"start":{"line":39,"column":15},"end":{"line":41,"column":null}},"line":39},"4":{"name":"drugNameToRxCUI","decl":{"start":{"line":49,"column":22},"end":{"line":49,"column":38}},"loc":{"start":{"line":49,"column":78},"end":{"line":116,"column":null}},"line":49},"5":{"name":"ndcToRxCUI","decl":{"start":{"line":121,"column":22},"end":{"line":121,"column":33}},"loc":{"start":{"line":121,"column":68},"end":{"line":166,"column":null}},"line":121},"6":{"name":"getRxCUINDCs","decl":{"start":{"line":171,"column":22},"end":{"line":171,"column":35}},"loc":{"start":{"line":171,"column":69},"end":{"line":192,"column":null}},"line":171},"7":{"name":"isRxCUIActive","decl":{"start":{"line":197,"column":22},"end":{"line":197,"column":36}},"loc":{"start":{"line":197,"column":69},"end":{"line":213,"column":null}},"line":197}},"branchMap":{"0":{"loc":{"start":{"line":15,"column":13},"end":{"line":15,"column":38}},"type":"default-arg","locations":[{"start":{"line":15,"column":34},"end":{"line":15,"column":38}}],"line":15},"1":{"loc":{"start":{"line":21,"column":2},"end":{"line":21,"column":null}},"type":"if","locations":[{"start":{"line":21,"column":2},"end":{"line":21,"column":null}},{"start":{},"end":{}}],"line":21},"2":{"loc":{"start":{"line":24,"column":2},"end":{"line":27,"column":null}},"type":"if","locations":[{"start":{"line":24,"column":2},"end":{"line":27,"column":null}},{"start":{},"end":{}}],"line":24},"3":{"loc":{"start":{"line":52,"column":1},"end":{"line":54,"column":null}},"type":"if","locations":[{"start":{"line":52,"column":1},"end":{"line":54,"column":null}},{"start":{},"end":{}}],"line":52},"4":{"loc":{"start":{"line":61,"column":2},"end":{"line":63,"column":null}},"type":"if","locations":[{"start":{"line":61,"column":2},"end":{"line":63,"column":null}},{"start":{},"end":{}}],"line":61},"5":{"loc":{"start":{"line":68,"column":2},"end":{"line":81,"column":null}},"type":"if","locations":[{"start":{"line":68,"column":2},"end":{"line":81,"column":null}},{"start":{},"end":{}}],"line":68},"6":{"loc":{"start":{"line":76,"column":10},"end":{"line":76,"column":null}},"type":"binary-expr","locations":[{"start":{"line":76,"column":10},"end":{"line":76,"column":72}},{"start":{"line":76,"column":72},"end":{"line":76,"column":null}}],"line":76},"7":{"loc":{"start":{"line":87,"column":2},"end":{"line":89,"column":null}},"type":"if","locations":[{"start":{"line":87,"column":2},"end":{"line":89,"column":null}},{"start":{},"end":{}}],"line":87},"8":{"loc":{"start":{"line":94,"column":2},"end":{"line":96,"column":null}},"type":"if","locations":[{"start":{"line":94,"column":2},"end":{"line":96,"column":null}},{"start":{},"end":{}}],"line":94},"9":{"loc":{"start":{"line":94,"column":6},"end":{"line":94,"column":46}},"type":"binary-expr","locations":[{"start":{"line":94,"column":6},"end":{"line":94,"column":21}},{"start":{"line":94,"column":21},"end":{"line":94,"column":46}}],"line":94},"10":{"loc":{"start":{"line":110,"column":12},"end":{"line":110,"column":null}},"type":"cond-expr","locations":[{"start":{"line":110,"column":37},"end":{"line":110,"column":53}},{"start":{"line":110,"column":53},"end":{"line":110,"column":null}}],"line":110},"11":{"loc":{"start":{"line":127,"column":1},"end":{"line":129,"column":null}},"type":"if","locations":[{"start":{"line":127,"column":1},"end":{"line":129,"column":null}},{"start":{},"end":{}}],"line":127},"12":{"loc":{"start":{"line":135,"column":2},"end":{"line":137,"column":null}},"type":"if","locations":[{"start":{"line":135,"column":2},"end":{"line":137,"column":null}},{"start":{},"end":{}}],"line":135},"13":{"loc":{"start":{"line":142,"column":2},"end":{"line":144,"column":null}},"type":"if","locations":[{"start":{"line":142,"column":2},"end":{"line":144,"column":null}},{"start":{},"end":{}}],"line":142},"14":{"loc":{"start":{"line":153,"column":9},"end":{"line":153,"column":null}},"type":"binary-expr","locations":[{"start":{"line":153,"column":9},"end":{"line":153,"column":68}},{"start":{"line":153,"column":68},"end":{"line":153,"column":null}}],"line":153},"15":{"loc":{"start":{"line":160,"column":12},"end":{"line":160,"column":null}},"type":"cond-expr","locations":[{"start":{"line":160,"column":37},"end":{"line":160,"column":53}},{"start":{"line":160,"column":53},"end":{"line":160,"column":null}}],"line":160},"16":{"loc":{"start":{"line":176,"column":2},"end":{"line":178,"column":null}},"type":"if","locations":[{"start":{"line":176,"column":2},"end":{"line":178,"column":null}},{"start":{},"end":{}}],"line":176},"17":{"loc":{"start":{"line":181,"column":15},"end":{"line":181,"column":null}},"type":"binary-expr","locations":[{"start":{"line":181,"column":15},"end":{"line":181,"column":47}},{"start":{"line":181,"column":47},"end":{"line":181,"column":null}}],"line":181},"18":{"loc":{"start":{"line":186,"column":12},"end":{"line":186,"column":null}},"type":"cond-expr","locations":[{"start":{"line":186,"column":37},"end":{"line":186,"column":53}},{"start":{"line":186,"column":53},"end":{"line":186,"column":null}}],"line":186},"19":{"loc":{"start":{"line":202,"column":2},"end":{"line":204,"column":null}},"type":"if","locations":[{"start":{"line":202,"column":2},"end":{"line":204,"column":null}},{"start":{},"end":{}}],"line":202},"20":{"loc":{"start":{"line":209,"column":9},"end":{"line":209,"column":null}},"type":"binary-expr","locations":[{"start":{"line":209,"column":9},"end":{"line":209,"column":32}},{"start":{"line":209,"column":32},"end":{"line":209,"column":null}}],"line":209}},"s":{"0":2,"1":2,"2":2,"3":7,"4":7,"5":6,"6":1,"7":1,"8":0,"9":0,"10":1,"11":4,"12":12,"13":2,"14":5,"15":5,"16":5,"17":1,"18":4,"19":4,"20":4,"21":4,"22":0,"23":4,"24":4,"25":5,"26":2,"27":2,"28":2,"29":2,"30":2,"31":2,"32":2,"33":2,"34":2,"35":0,"36":2,"37":2,"38":5,"39":1,"40":1,"41":1,"42":1,"43":1,"44":1,"45":1,"46":2,"47":2,"48":2,"49":2,"50":0,"51":2,"52":2,"53":2,"54":2,"55":0,"56":2,"57":2,"58":2,"59":1,"60":1,"61":1,"62":1,"63":1,"64":2,"65":2,"66":1,"67":1,"68":2,"69":2,"70":2,"71":2,"72":0,"73":2,"74":2,"75":2,"76":0,"77":0,"78":4,"79":4,"80":4,"81":4,"82":1,"83":3,"84":3,"85":4,"86":0,"87":2},"f":{"0":2,"1":7,"2":4,"3":12,"4":5,"5":2,"6":2,"7":4},"b":{"0":[2],"1":[6,1],"2":[0,1],"3":[1,4],"4":[0,4],"5":[2,3],"6":[2,0],"7":[0,2],"8":[1,4],"9":[5,1],"10":[1,0],"11":[0,2],"12":[0,2],"13":[1,1],"14":[1,0],"15":[1,0],"16":[0,2],"17":[2,1],"18":[0,0],"19":[1,3],"20":[4,2]},"meta":{"lastBranch":21,"lastFunction":8,"lastStatement":88,"seen":{"s:3:24:3:Infinity":0,"s:12:17:12:Infinity":1,"f:15:1:15:13":0,"b:15:34:15:38":0,"s:16:2:16:Infinity":2,"f:19:1:19:5":1,"s:20:16:20:Infinity":3,"b:21:2:21:Infinity:undefined:undefined:undefined:undefined":1,"s:21:2:21:Infinity":4,"s:21:14:21:Infinity":5,"s:23:14:23:Infinity":6,"b:24:2:27:Infinity:undefined:undefined:undefined:undefined":2,"s:24:2:27:Infinity":7,"s:25:3:25:Infinity":8,"s:26:3:26:Infinity":9,"s:29:2:29:Infinity":10,"f:32:1:32:5":2,"s:33:2:36:Infinity":11,"f:39:1:39:15":3,"s:40:2:40:Infinity":12,"s:44:19:44:Infinity":13,"f:49:22:49:38":4,"s:50:18:50:Infinity":14,"s:51:16:51:Infinity":15,"b:52:1:54:Infinity:undefined:undefined:undefined:undefined":3,"s:52:1:54:Infinity":16,"s:53:2:53:Infinity":17,"s:56:1:115:Infinity":18,"s:58:19:58:Infinity":19,"s:59:24:59:Infinity":20,"b:61:2:63:Infinity:undefined:undefined:undefined:undefined":4,"s:61:2:63:Infinity":21,"s:62:3:62:Infinity":22,"s:65:20:65:Infinity":23,"s:66:21:66:Infinity":24,"b:68:2:81:Infinity:undefined:undefined:undefined:undefined":5,"s:68:2:81:Infinity":25,"s:70:22:70:Infinity":26,"s:71:27:71:Infinity":27,"s:72:23:72:Infinity":28,"s:74:31:77:Infinity":29,"b:76:10:76:72:76:72:76:Infinity":6,"s:79:3:79:Infinity":30,"s:80:3:80:Infinity":31,"s:84:20:84:Infinity":32,"s:85:25:85:Infinity":33,"b:87:2:89:Infinity:undefined:undefined:undefined:undefined":7,"s:87:2:89:Infinity":34,"s:88:3:88:Infinity":35,"s:91:21:91:Infinity":36,"s:92:21:92:Infinity":37,"b:94:2:96:Infinity:undefined:undefined:undefined:undefined":8,"s:94:2:96:Infinity":38,"b:94:6:94:21:94:21:94:46":9,"s:95:3:95:Infinity":39,"s:99:20:99:Infinity":40,"s:100:30:104:Infinity":41,"s:106:2:106:Infinity":42,"s:107:2:107:Infinity":43,"s:109:29:113:Infinity":44,"b:110:37:110:53:110:53:110:Infinity":10,"s:114:2:114:Infinity":45,"f:121:22:121:33":5,"s:123:23:123:Infinity":46,"s:125:18:125:Infinity":47,"s:126:16:126:Infinity":48,"b:127:1:129:Infinity:undefined:undefined:undefined:undefined":11,"s:127:1:129:Infinity":49,"s:128:2:128:Infinity":50,"s:131:1:165:Infinity":51,"s:132:14:132:Infinity":52,"s:133:19:133:Infinity":53,"b:135:2:137:Infinity:undefined:undefined:undefined:undefined":12,"s:135:2:137:Infinity":54,"s:136:3:136:Infinity":55,"s:139:15:139:Infinity":56,"s:140:16:140:Infinity":57,"b:142:2:144:Infinity:undefined:undefined:undefined:undefined":13,"s:142:2:144:Infinity":58,"s:143:3:143:Infinity":59,"s:147:18:147:Infinity":60,"s:148:23:148:Infinity":61,"s:149:19:149:Infinity":62,"s:151:30:154:Infinity":63,"b:153:9:153:68:153:68:153:Infinity":14,"s:156:2:156:Infinity":64,"s:157:2:157:Infinity":65,"s:159:29:163:Infinity":66,"b:160:37:160:53:160:53:160:Infinity":15,"s:164:2:164:Infinity":67,"f:171:22:171:35":6,"s:172:1:191:Infinity":68,"s:173:14:173:Infinity":69,"s:174:19:174:Infinity":70,"b:176:2:178:Infinity:undefined:undefined:undefined:undefined":16,"s:176:2:178:Infinity":71,"s:177:3:177:Infinity":72,"s:180:15:180:Infinity":73,"s:181:15:181:Infinity":74,"b:181:15:181:47:181:47:181:Infinity":17,"s:183:2:183:Infinity":75,"s:185:29:189:Infinity":76,"b:186:37:186:53:186:53:186:Infinity":18,"s:190:2:190:Infinity":77,"f:197:22:197:36":7,"s:198:1:212:Infinity":78,"s:199:14:199:Infinity":79,"s:200:19:200:Infinity":80,"b:202:2:204:Infinity:undefined:undefined:undefined:undefined":19,"s:202:2:204:Infinity":81,"s:203:3:203:Infinity":82,"s:206:15:206:Infinity":83,"s:207:17:207:Infinity":84,"s:209:2:209:Infinity":85,"b:209:9:209:32:209:32:209:Infinity":20,"s:211:2:211:Infinity":86,"s:216:23:216:Infinity":87}}}
,"/Users/akhilp/Documents/Gauntlet/Pharmachy Calculator/ndc-calculator/src/lib/core/calculator.ts": {"path":"/Users/akhilp/Documents/Gauntlet/Pharmachy Calculator/ndc-calculator/src/lib/core/calculator.ts","statementMap":{"0":{"start":{"line":24,"column":28},"end":{"line":24,"column":null}},"1":{"start":{"line":25,"column":26},"end":{"line":25,"column":null}},"2":{"start":{"line":29,"column":36},"end":{"line":29,"column":null}},"3":{"start":{"line":32,"column":1},"end":{"line":176,"column":null}},"4":{"start":{"line":34,"column":8},"end":{"line":34,"column":null}},"5":{"start":{"line":35,"column":2},"end":{"line":38,"column":null}},"6":{"start":{"line":36,"column":3},"end":{"line":36,"column":null}},"7":{"start":{"line":37,"column":3},"end":{"line":37,"column":null}},"8":{"start":{"line":40,"column":8},"end":{"line":40,"column":null}},"9":{"start":{"line":41,"column":2},"end":{"line":44,"column":null}},"10":{"start":{"line":42,"column":3},"end":{"line":42,"column":null}},"11":{"start":{"line":43,"column":3},"end":{"line":43,"column":null}},"12":{"start":{"line":47,"column":2},"end":{"line":53,"column":null}},"13":{"start":{"line":48,"column":3},"end":{"line":48,"column":null}},"14":{"start":{"line":50,"column":20},"end":{"line":50,"column":null}},"15":{"start":{"line":51,"column":3},"end":{"line":51,"column":null}},"16":{"start":{"line":52,"column":3},"end":{"line":52,"column":null}},"17":{"start":{"line":56,"column":2},"end":{"line":68,"column":null}},"18":{"start":{"line":57,"column":3},"end":{"line":57,"column":null}},"19":{"start":{"line":58,"column":3},"end":{"line":63,"column":null}},"20":{"start":{"line":59,"column":4},"end":{"line":62,"column":null}},"21":{"start":{"line":65,"column":20},"end":{"line":65,"column":null}},"22":{"start":{"line":66,"column":3},"end":{"line":66,"column":null}},"23":{"start":{"line":67,"column":3},"end":{"line":67,"column":null}},"24":{"start":{"line":71,"column":27},"end":{"line":71,"column":null}},"25":{"start":{"line":72,"column":2},"end":{"line":91,"column":null}},"26":{"start":{"line":73,"column":3},"end":{"line":73,"column":null}},"27":{"start":{"line":74,"column":3},"end":{"line":86,"column":null}},"28":{"start":{"line":75,"column":4},"end":{"line":75,"column":null}},"29":{"start":{"line":76,"column":4},"end":{"line":85,"column":null}},"30":{"start":{"line":88,"column":20},"end":{"line":88,"column":null}},"31":{"start":{"line":89,"column":3},"end":{"line":89,"column":null}},"32":{"start":{"line":94,"column":31},"end":{"line":94,"column":null}},"33":{"start":{"line":95,"column":2},"end":{"line":110,"column":null}},"34":{"start":{"line":96,"column":3},"end":{"line":109,"column":null}},"35":{"start":{"line":97,"column":4},"end":{"line":97,"column":null}},"36":{"start":{"line":98,"column":4},"end":{"line":104,"column":null}},"37":{"start":{"line":99,"column":5},"end":{"line":99,"column":null}},"38":{"start":{"line":102,"column":11},"end":{"line":102,"column":null}},"39":{"start":{"line":103,"column":5},"end":{"line":103,"column":null}},"40":{"start":{"line":106,"column":21},"end":{"line":106,"column":null}},"41":{"start":{"line":107,"column":4},"end":{"line":107,"column":null}},"42":{"start":{"line":113,"column":2},"end":{"line":134,"column":null}},"43":{"start":{"line":114,"column":3},"end":{"line":133,"column":null}},"44":{"start":{"line":115,"column":4},"end":{"line":115,"column":null}},"45":{"start":{"line":118,"column":10},"end":{"line":118,"column":null}},"46":{"start":{"line":119,"column":4},"end":{"line":119,"column":null}},"47":{"start":{"line":121,"column":21},"end":{"line":121,"column":null}},"48":{"start":{"line":122,"column":4},"end":{"line":122,"column":null}},"49":{"start":{"line":123,"column":4},"end":{"line":132,"column":null}},"50":{"start":{"line":137,"column":2},"end":{"line":154,"column":null}},"51":{"start":{"line":138,"column":3},"end":{"line":151,"column":null}},"52":{"start":{"line":139,"column":10},"end":{"line":143,"column":null}},"53":{"start":{"line":145,"column":4},"end":{"line":145,"column":null}},"54":{"start":{"line":146,"column":4},"end":{"line":146,"column":null}},"55":{"start":{"line":147,"column":4},"end":{"line":147,"column":null}},"56":{"start":{"line":149,"column":21},"end":{"line":149,"column":null}},"57":{"start":{"line":150,"column":4},"end":{"line":150,"column":null}},"58":{"start":{"line":152,"column":2},"end":{"line":154,"column":null}},"59":{"start":{"line":153,"column":3},"end":{"line":153,"column":null}},"60":{"start":{"line":157,"column":18},"end":{"line":157,"column":null}},"61":{"start":{"line":159,"column":2},"end":{"line":170,"column":null}},"62":{"start":{"line":173,"column":19},"end":{"line":173,"column":null}},"63":{"start":{"line":174,"column":2},"end":{"line":174,"column":null}},"64":{"start":{"line":175,"column":2},"end":{"line":175,"column":null}},"65":{"start":{"line":190,"column":1},"end":{"line":200,"column":null}},"66":{"start":{"line":216,"column":1},"end":{"line":227,"column":null}}},"fnMap":{"0":{"name":"calculatePrescription","decl":{"start":{"line":21,"column":22},"end":{"line":21,"column":null}},"loc":{"start":{"line":23,"column":30},"end":{"line":177,"column":null}},"line":23},"1":{"name":"createErrorResult","decl":{"start":{"line":182,"column":9},"end":{"line":182,"column":null}},"loc":{"start":{"line":189,"column":21},"end":{"line":201,"column":null}},"line":189},"2":{"name":"createPartialResult","decl":{"start":{"line":206,"column":9},"end":{"line":206,"column":null}},"loc":{"start":{"line":215,"column":21},"end":{"line":228,"column":null}},"line":215}},"branchMap":{"0":{"loc":{"start":{"line":35,"column":2},"end":{"line":38,"column":null}},"type":"if","locations":[{"start":{"line":35,"column":2},"end":{"line":38,"column":null}},{"start":{},"end":{}}],"line":35},"1":{"loc":{"start":{"line":41,"column":2},"end":{"line":44,"column":null}},"type":"if","locations":[{"start":{"line":41,"column":2},"end":{"line":44,"column":null}},{"start":{},"end":{}}],"line":41},"2":{"loc":{"start":{"line":51,"column":15},"end":{"line":51,"column":73}},"type":"binary-expr","locations":[{"start":{"line":51,"column":15},"end":{"line":51,"column":35}},{"start":{"line":51,"column":35},"end":{"line":51,"column":73}}],"line":51},"3":{"loc":{"start":{"line":58,"column":3},"end":{"line":63,"column":null}},"type":"if","locations":[{"start":{"line":58,"column":3},"end":{"line":63,"column":null}},{"start":{},"end":{}}],"line":58},"4":{"loc":{"start":{"line":60,"column":5},"end":{"line":61,"column":null}},"type":"binary-expr","locations":[{"start":{"line":60,"column":5},"end":{"line":60,"column":null}},{"start":{"line":61,"column":6},"end":{"line":61,"column":null}}],"line":60},"5":{"loc":{"start":{"line":66,"column":15},"end":{"line":66,"column":78}},"type":"binary-expr","locations":[{"start":{"line":66,"column":15},"end":{"line":66,"column":35}},{"start":{"line":66,"column":35},"end":{"line":66,"column":78}}],"line":66},"6":{"loc":{"start":{"line":74,"column":3},"end":{"line":86,"column":null}},"type":"if","locations":[{"start":{"line":74,"column":3},"end":{"line":86,"column":null}},{"start":{},"end":{}}],"line":74},"7":{"loc":{"start":{"line":89,"column":17},"end":{"line":89,"column":79}},"type":"binary-expr","locations":[{"start":{"line":89,"column":17},"end":{"line":89,"column":37}},{"start":{"line":89,"column":37},"end":{"line":89,"column":79}}],"line":89},"8":{"loc":{"start":{"line":95,"column":2},"end":{"line":110,"column":null}},"type":"if","locations":[{"start":{"line":95,"column":2},"end":{"line":110,"column":null}},{"start":{},"end":{}}],"line":95},"9":{"loc":{"start":{"line":98,"column":4},"end":{"line":104,"column":null}},"type":"if","locations":[{"start":{"line":98,"column":4},"end":{"line":104,"column":null}},{"start":{"line":100,"column":11},"end":{"line":104,"column":null}}],"line":98},"10":{"loc":{"start":{"line":107,"column":18},"end":{"line":107,"column":87}},"type":"binary-expr","locations":[{"start":{"line":107,"column":18},"end":{"line":107,"column":38}},{"start":{"line":107,"column":38},"end":{"line":107,"column":87}}],"line":107},"11":{"loc":{"start":{"line":113,"column":2},"end":{"line":134,"column":null}},"type":"if","locations":[{"start":{"line":113,"column":2},"end":{"line":134,"column":null}},{"start":{},"end":{}}],"line":113},"12":{"loc":{"start":{"line":122,"column":16},"end":{"line":122,"column":66}},"type":"binary-expr","locations":[{"start":{"line":122,"column":16},"end":{"line":122,"column":36}},{"start":{"line":122,"column":36},"end":{"line":122,"column":66}}],"line":122},"13":{"loc":{"start":{"line":137,"column":2},"end":{"line":154,"column":null}},"type":"if","locations":[{"start":{"line":137,"column":2},"end":{"line":154,"column":null}},{"start":{"line":152,"column":2},"end":{"line":154,"column":null}}],"line":137},"14":{"loc":{"start":{"line":137,"column":6},"end":{"line":137,"column":42}},"type":"binary-expr","locations":[{"start":{"line":137,"column":6},"end":{"line":137,"column":21}},{"start":{"line":137,"column":21},"end":{"line":137,"column":42}}],"line":137},"15":{"loc":{"start":{"line":150,"column":18},"end":{"line":150,"column":69}},"type":"binary-expr","locations":[{"start":{"line":150,"column":18},"end":{"line":150,"column":38}},{"start":{"line":150,"column":38},"end":{"line":150,"column":69}}],"line":150},"16":{"loc":{"start":{"line":152,"column":2},"end":{"line":154,"column":null}},"type":"if","locations":[{"start":{"line":152,"column":2},"end":{"line":154,"column":null}},{"start":{},"end":{}}],"line":152},"17":{"loc":{"start":{"line":152,"column":13},"end":{"line":152,"column":51}},"type":"binary-expr","locations":[{"start":{"line":152,"column":13},"end":{"line":152,"column":28}},{"start":{"line":152,"column":28},"end":{"line":152,"column":51}}],"line":152},"18":{"loc":{"start":{"line":157,"column":18},"end":{"line":157,"column":null}},"type":"binary-expr","locations":[{"start":{"line":157,"column":18},"end":{"line":157,"column":41}},{"start":{"line":157,"column":41},"end":{"line":157,"column":null}}],"line":157},"19":{"loc":{"start":{"line":166,"column":20},"end":{"line":166,"column":null}},"type":"cond-expr","locations":[{"start":{"line":166,"column":68},"end":{"line":166,"column":86}},{"start":{"line":166,"column":86},"end":{"line":166,"column":null}}],"line":166},"20":{"loc":{"start":{"line":166,"column":20},"end":{"line":166,"column":68}},"type":"binary-expr","locations":[{"start":{"line":166,"column":20},"end":{"line":166,"column":39}},{"start":{"line":166,"column":39},"end":{"line":166,"column":68}}],"line":166},"21":{"loc":{"start":{"line":167,"column":13},"end":{"line":167,"column":null}},"type":"cond-expr","locations":[{"start":{"line":167,"column":35},"end":{"line":167,"column":46}},{"start":{"line":167,"column":46},"end":{"line":167,"column":null}}],"line":167},"22":{"loc":{"start":{"line":168,"column":11},"end":{"line":168,"column":null}},"type":"cond-expr","locations":[{"start":{"line":168,"column":31},"end":{"line":168,"column":40}},{"start":{"line":168,"column":40},"end":{"line":168,"column":null}}],"line":168},"23":{"loc":{"start":{"line":174,"column":14},"end":{"line":174,"column":83}},"type":"binary-expr","locations":[{"start":{"line":174,"column":14},"end":{"line":174,"column":34}},{"start":{"line":174,"column":34},"end":{"line":174,"column":83}}],"line":174},"24":{"loc":{"start":{"line":197,"column":12},"end":{"line":197,"column":null}},"type":"cond-expr","locations":[{"start":{"line":197,"column":34},"end":{"line":197,"column":45}},{"start":{"line":197,"column":45},"end":{"line":197,"column":null}}],"line":197},"25":{"loc":{"start":{"line":217,"column":11},"end":{"line":217,"column":null}},"type":"binary-expr","locations":[{"start":{"line":217,"column":11},"end":{"line":217,"column":34}},{"start":{"line":217,"column":34},"end":{"line":217,"column":null}}],"line":217},"26":{"loc":{"start":{"line":223,"column":19},"end":{"line":223,"column":null}},"type":"cond-expr","locations":[{"start":{"line":223,"column":67},"end":{"line":223,"column":85}},{"start":{"line":223,"column":85},"end":{"line":223,"column":null}}],"line":223},"27":{"loc":{"start":{"line":223,"column":19},"end":{"line":223,"column":67}},"type":"binary-expr","locations":[{"start":{"line":223,"column":19},"end":{"line":223,"column":38}},{"start":{"line":223,"column":38},"end":{"line":223,"column":67}}],"line":223},"28":{"loc":{"start":{"line":224,"column":12},"end":{"line":224,"column":null}},"type":"cond-expr","locations":[{"start":{"line":224,"column":34},"end":{"line":224,"column":45}},{"start":{"line":224,"column":45},"end":{"line":224,"column":null}}],"line":224},"29":{"loc":{"start":{"line":225,"column":10},"end":{"line":225,"column":null}},"type":"cond-expr","locations":[{"start":{"line":225,"column":30},"end":{"line":225,"column":39}},{"start":{"line":225,"column":39},"end":{"line":225,"column":null}}],"line":225}},"s":{"0":27,"1":27,"2":27,"3":27,"4":27,"5":27,"6":1,"7":1,"8":26,"9":26,"10":2,"11":2,"12":24,"13":24,"14":4,"15":4,"16":4,"17":20,"18":20,"19":19,"20":2,"21":1,"22":1,"23":1,"24":19,"25":19,"26":19,"27":17,"28":1,"29":1,"30":2,"31":2,"32":18,"33":18,"34":16,"35":16,"36":14,"37":3,"38":11,"39":11,"40":2,"41":2,"42":18,"43":18,"44":18,"45":18,"46":18,"47":1,"48":1,"49":1,"50":17,"51":11,"52":11,"53":11,"54":11,"55":11,"56":1,"57":1,"58":6,"59":6,"60":17,"61":27,"62":0,"63":0,"64":0,"65":8,"66":2},"f":{"0":27,"1":8,"2":2},"b":{"0":[1,26],"1":[2,24],"2":[4,1],"3":[2,17],"4":[2,0],"5":[1,0],"6":[1,16],"7":[2,0],"8":[16,2],"9":[3,11],"10":[2,0],"11":[18,0],"12":[1,0],"13":[11,6],"14":[17,17],"15":[1,0],"16":[6,0],"17":[6,6],"18":[17,17],"19":[2,15],"20":[27,10],"21":[11,6],"22":[0,17],"23":[0,0],"24":[0,8],"25":[2,1],"26":[0,2],"27":[2,0],"28":[2,0],"29":[1,1]},"meta":{"lastBranch":30,"lastFunction":3,"lastStatement":67,"seen":{"f:21:22:21:Infinity":0,"s:24:28:24:Infinity":0,"s:25:26:25:Infinity":1,"s:29:36:29:Infinity":2,"s:32:1:176:Infinity":3,"s:34:8:34:Infinity":4,"b:35:2:38:Infinity:undefined:undefined:undefined:undefined":0,"s:35:2:38:Infinity":5,"s:36:3:36:Infinity":6,"s:37:3:37:Infinity":7,"s:40:8:40:Infinity":8,"b:41:2:44:Infinity:undefined:undefined:undefined:undefined":1,"s:41:2:44:Infinity":9,"s:42:3:42:Infinity":10,"s:43:3:43:Infinity":11,"s:47:2:53:Infinity":12,"s:48:3:48:Infinity":13,"s:50:20:50:Infinity":14,"s:51:3:51:Infinity":15,"b:51:15:51:35:51:35:51:73":2,"s:52:3:52:Infinity":16,"s:56:2:68:Infinity":17,"s:57:3:57:Infinity":18,"b:58:3:63:Infinity:undefined:undefined:undefined:undefined":3,"s:58:3:63:Infinity":19,"s:59:4:62:Infinity":20,"b:60:5:60:Infinity:61:6:61:Infinity":4,"s:65:20:65:Infinity":21,"s:66:3:66:Infinity":22,"b:66:15:66:35:66:35:66:78":5,"s:67:3:67:Infinity":23,"s:71:27:71:Infinity":24,"s:72:2:91:Infinity":25,"s:73:3:73:Infinity":26,"b:74:3:86:Infinity:undefined:undefined:undefined:undefined":6,"s:74:3:86:Infinity":27,"s:75:4:75:Infinity":28,"s:76:4:85:Infinity":29,"s:88:20:88:Infinity":30,"s:89:3:89:Infinity":31,"b:89:17:89:37:89:37:89:79":7,"s:94:31:94:Infinity":32,"b:95:2:110:Infinity:undefined:undefined:undefined:undefined":8,"s:95:2:110:Infinity":33,"s:96:3:109:Infinity":34,"s:97:4:97:Infinity":35,"b:98:4:104:Infinity:100:11:104:Infinity":9,"s:98:4:104:Infinity":36,"s:99:5:99:Infinity":37,"s:102:11:102:Infinity":38,"s:103:5:103:Infinity":39,"s:106:21:106:Infinity":40,"s:107:4:107:Infinity":41,"b:107:18:107:38:107:38:107:87":10,"b:113:2:134:Infinity:undefined:undefined:undefined:undefined":11,"s:113:2:134:Infinity":42,"s:114:3:133:Infinity":43,"s:115:4:115:Infinity":44,"s:118:10:118:Infinity":45,"s:119:4:119:Infinity":46,"s:121:21:121:Infinity":47,"s:122:4:122:Infinity":48,"b:122:16:122:36:122:36:122:66":12,"s:123:4:132:Infinity":49,"b:137:2:154:Infinity:152:2:154:Infinity":13,"s:137:2:154:Infinity":50,"b:137:6:137:21:137:21:137:42":14,"s:138:3:151:Infinity":51,"s:139:10:143:Infinity":52,"s:145:4:145:Infinity":53,"s:146:4:146:Infinity":54,"s:147:4:147:Infinity":55,"s:149:21:149:Infinity":56,"s:150:4:150:Infinity":57,"b:150:18:150:38:150:38:150:69":15,"b:152:2:154:Infinity:undefined:undefined:undefined:undefined":16,"s:152:2:154:Infinity":58,"b:152:13:152:28:152:28:152:51":17,"s:153:3:153:Infinity":59,"s:157:18:157:Infinity":60,"b:157:18:157:41:157:41:157:Infinity":18,"s:159:2:170:Infinity":61,"b:166:68:166:86:166:86:166:Infinity":19,"b:166:20:166:39:166:39:166:68":20,"b:167:35:167:46:167:46:167:Infinity":21,"b:168:31:168:40:168:40:168:Infinity":22,"s:173:19:173:Infinity":62,"s:174:2:174:Infinity":63,"b:174:14:174:34:174:34:174:83":23,"s:175:2:175:Infinity":64,"f:182:9:182:Infinity":1,"s:190:1:200:Infinity":65,"b:197:34:197:45:197:45:197:Infinity":24,"f:206:9:206:Infinity":2,"s:216:1:227:Infinity":66,"b:217:11:217:34:217:34:217:Infinity":25,"b:223:67:223:85:223:85:223:Infinity":26,"b:223:19:223:38:223:38:223:67":27,"b:224:34:224:45:224:45:224:Infinity":28,"b:225:30:225:39:225:39:225:Infinity":29}}}
,"/Users/akhilp/Documents/Gauntlet/Pharmachy Calculator/ndc-calculator/src/lib/core/ndc-selector.ts": {"path":"/Users/akhilp/Documents/Gauntlet/Pharmachy Calculator/ndc-calculator/src/lib/core/ndc-selector.ts","statementMap":{"0":{"start":{"line":7,"column":1},"end":{"line":7,"column":null}},"1":{"start":{"line":7,"column":27},"end":{"line":7,"column":null}},"2":{"start":{"line":8,"column":7},"end":{"line":8,"column":null}},"3":{"start":{"line":9,"column":1},"end":{"line":9,"column":null}},"4":{"start":{"line":16,"column":19},"end":{"line":16,"column":null}},"5":{"start":{"line":16,"column":37},"end":{"line":16,"column":null}},"6":{"start":{"line":17,"column":13},"end":{"line":17,"column":null}},"7":{"start":{"line":18,"column":14},"end":{"line":18,"column":null}},"8":{"start":{"line":21,"column":1},"end":{"line":21,"column":null}},"9":{"start":{"line":21,"column":19},"end":{"line":21,"column":null}},"10":{"start":{"line":24,"column":1},"end":{"line":24,"column":null}},"11":{"start":{"line":24,"column":47},"end":{"line":24,"column":null}},"12":{"start":{"line":25,"column":1},"end":{"line":25,"column":null}},"13":{"start":{"line":25,"column":49},"end":{"line":25,"column":null}},"14":{"start":{"line":28,"column":47},"end":{"line":35,"column":null}},"15":{"start":{"line":37,"column":1},"end":{"line":44,"column":null}},"16":{"start":{"line":38,"column":2},"end":{"line":43,"column":null}},"17":{"start":{"line":42,"column":3},"end":{"line":42,"column":null}},"18":{"start":{"line":46,"column":1},"end":{"line":46,"column":null}},"19":{"start":{"line":56,"column":1},"end":{"line":64,"column":null}},"20":{"start":{"line":58,"column":2},"end":{"line":58,"column":null}},"21":{"start":{"line":58,"column":19},"end":{"line":58,"column":null}},"22":{"start":{"line":61,"column":2},"end":{"line":61,"column":null}},"23":{"start":{"line":61,"column":54},"end":{"line":61,"column":null}},"24":{"start":{"line":63,"column":2},"end":{"line":63,"column":null}},"25":{"start":{"line":72,"column":21},"end":{"line":72,"column":null}},"26":{"start":{"line":75,"column":1},"end":{"line":77,"column":null}},"27":{"start":{"line":76,"column":2},"end":{"line":76,"column":null}},"28":{"start":{"line":80,"column":1},"end":{"line":82,"column":null}},"29":{"start":{"line":81,"column":2},"end":{"line":81,"column":null}},"30":{"start":{"line":85,"column":21},"end":{"line":85,"column":null}},"31":{"start":{"line":86,"column":1},"end":{"line":86,"column":null}},"32":{"start":{"line":109,"column":5},"end":{"line":109,"column":null}},"33":{"start":{"line":111,"column":28},"end":{"line":111,"column":null}},"34":{"start":{"line":112,"column":24},"end":{"line":112,"column":null}},"35":{"start":{"line":115,"column":1},"end":{"line":120,"column":null}},"36":{"start":{"line":116,"column":2},"end":{"line":118,"column":null}},"37":{"start":{"line":119,"column":2},"end":{"line":119,"column":null}},"38":{"start":{"line":123,"column":20},"end":{"line":123,"column":null}},"39":{"start":{"line":125,"column":1},"end":{"line":128,"column":null}},"40":{"start":{"line":126,"column":2},"end":{"line":126,"column":null}},"41":{"start":{"line":127,"column":2},"end":{"line":127,"column":null}},"42":{"start":{"line":131,"column":20},"end":{"line":148,"column":null}},"43":{"start":{"line":132,"column":27},"end":{"line":132,"column":null}},"44":{"start":{"line":133,"column":22},"end":{"line":133,"column":null}},"45":{"start":{"line":134,"column":25},"end":{"line":134,"column":null}},"46":{"start":{"line":135,"column":19},"end":{"line":135,"column":null}},"47":{"start":{"line":137,"column":2},"end":{"line":147,"column":null}},"48":{"start":{"line":151,"column":1},"end":{"line":151,"column":null}},"49":{"start":{"line":151,"column":27},"end":{"line":151,"column":44}},"50":{"start":{"line":154,"column":17},"end":{"line":154,"column":null}},"51":{"start":{"line":157,"column":1},"end":{"line":161,"column":null}},"52":{"start":{"line":158,"column":2},"end":{"line":160,"column":null}},"53":{"start":{"line":163,"column":1},"end":{"line":167,"column":null}},"54":{"start":{"line":164,"column":2},"end":{"line":166,"column":null}},"55":{"start":{"line":170,"column":22},"end":{"line":170,"column":null}},"56":{"start":{"line":172,"column":1},"end":{"line":176,"column":null}},"57":{"start":{"line":192,"column":1},"end":{"line":192,"column":null}},"58":{"start":{"line":199,"column":28},"end":{"line":199,"column":null}},"59":{"start":{"line":200,"column":23},"end":{"line":200,"column":null}},"60":{"start":{"line":200,"column":48},"end":{"line":200,"column":59}},"61":{"start":{"line":202,"column":1},"end":{"line":206,"column":null}},"62":{"start":{"line":203,"column":2},"end":{"line":205,"column":null}},"63":{"start":{"line":208,"column":1},"end":{"line":208,"column":null}},"64":{"start":{"line":218,"column":26},"end":{"line":218,"column":null}},"65":{"start":{"line":220,"column":1},"end":{"line":222,"column":null}},"66":{"start":{"line":221,"column":2},"end":{"line":221,"column":null}},"67":{"start":{"line":224,"column":1},"end":{"line":226,"column":null}},"68":{"start":{"line":225,"column":2},"end":{"line":225,"column":null}},"69":{"start":{"line":228,"column":1},"end":{"line":230,"column":null}},"70":{"start":{"line":229,"column":2},"end":{"line":229,"column":null}},"71":{"start":{"line":232,"column":1},"end":{"line":234,"column":null}},"72":{"start":{"line":233,"column":2},"end":{"line":233,"column":null}},"73":{"start":{"line":237,"column":1},"end":{"line":241,"column":null}},"74":{"start":{"line":238,"column":2},"end":{"line":240,"column":null}},"75":{"start":{"line":243,"column":1},"end":{"line":246,"column":null}}},"fnMap":{"0":{"name":"calculateOverfill","decl":{"start":{"line":6,"column":9},"end":{"line":6,"column":27}},"loc":{"start":{"line":6,"column":80},"end":{"line":10,"column":null}},"line":6},"1":{"name":"unitsMatch","decl":{"start":{"line":15,"column":9},"end":{"line":15,"column":20}},"loc":{"start":{"line":15,"column":75},"end":{"line":47,"column":null}},"line":15},"2":{"name":"(anonymous_2)","decl":{"start":{"line":16,"column":19},"end":{"line":16,"column":20}},"loc":{"start":{"line":16,"column":37},"end":{"line":16,"column":null}},"line":16},"3":{"name":"filterCompatiblePackages","decl":{"start":{"line":52,"column":16},"end":{"line":52,"column":null}},"loc":{"start":{"line":55,"column":16},"end":{"line":65,"column":null}},"line":55},"4":{"name":"(anonymous_4)","decl":{"start":{"line":56,"column":24},"end":{"line":56,"column":25}},"loc":{"start":{"line":56,"column":33},"end":{"line":64,"column":2}},"line":56},"5":{"name":"scorePackage","decl":{"start":{"line":71,"column":9},"end":{"line":71,"column":22}},"loc":{"start":{"line":71,"column":71},"end":{"line":87,"column":null}},"line":71},"6":{"name":"selectOptimalNDCs","decl":{"start":{"line":92,"column":16},"end":{"line":92,"column":null}},"loc":{"start":{"line":104,"column":2},"end":{"line":177,"column":null}},"line":104},"7":{"name":"(anonymous_7)","decl":{"start":{"line":131,"column":35},"end":{"line":131,"column":36}},"loc":{"start":{"line":131,"column":44},"end":{"line":148,"column":2}},"line":131},"8":{"name":"(anonymous_8)","decl":{"start":{"line":151,"column":17},"end":{"line":151,"column":18}},"loc":{"start":{"line":151,"column":27},"end":{"line":151,"column":44}},"line":151},"9":{"name":"findOptimalCombination","decl":{"start":{"line":183,"column":16},"end":{"line":183,"column":null}},"loc":{"start":{"line":186,"column":25},"end":{"line":193,"column":null}},"line":186},"10":{"name":"checkForInactiveNDCs","decl":{"start":{"line":198,"column":16},"end":{"line":198,"column":37}},"loc":{"start":{"line":198,"column":71},"end":{"line":209,"column":null}},"line":198},"11":{"name":"(anonymous_11)","decl":{"start":{"line":200,"column":39},"end":{"line":200,"column":40}},"loc":{"start":{"line":200,"column":48},"end":{"line":200,"column":59}},"line":200},"12":{"name":"validateSelection","decl":{"start":{"line":214,"column":16},"end":{"line":214,"column":34}},"loc":{"start":{"line":217,"column":2},"end":{"line":247,"column":null}},"line":217}},"branchMap":{"0":{"loc":{"start":{"line":7,"column":1},"end":{"line":7,"column":null}},"type":"if","locations":[{"start":{"line":7,"column":1},"end":{"line":7,"column":null}},{"start":{},"end":{}}],"line":7},"1":{"loc":{"start":{"line":21,"column":1},"end":{"line":21,"column":null}},"type":"if","locations":[{"start":{"line":21,"column":1},"end":{"line":21,"column":null}},{"start":{},"end":{}}],"line":21},"2":{"loc":{"start":{"line":24,"column":1},"end":{"line":24,"column":null}},"type":"if","locations":[{"start":{"line":24,"column":1},"end":{"line":24,"column":null}},{"start":{},"end":{}}],"line":24},"3":{"loc":{"start":{"line":24,"column":5},"end":{"line":24,"column":47}},"type":"binary-expr","locations":[{"start":{"line":24,"column":5},"end":{"line":24,"column":27}},{"start":{"line":24,"column":27},"end":{"line":24,"column":47}}],"line":24},"4":{"loc":{"start":{"line":25,"column":1},"end":{"line":25,"column":null}},"type":"if","locations":[{"start":{"line":25,"column":1},"end":{"line":25,"column":null}},{"start":{},"end":{}}],"line":25},"5":{"loc":{"start":{"line":25,"column":5},"end":{"line":25,"column":49}},"type":"binary-expr","locations":[{"start":{"line":25,"column":5},"end":{"line":25,"column":28}},{"start":{"line":25,"column":28},"end":{"line":25,"column":49}}],"line":25},"6":{"loc":{"start":{"line":38,"column":2},"end":{"line":43,"column":null}},"type":"if","locations":[{"start":{"line":38,"column":2},"end":{"line":43,"column":null}},{"start":{},"end":{}}],"line":38},"7":{"loc":{"start":{"line":38,"column":2},"end":{"line":40,"column":null}},"type":"binary-expr","locations":[{"start":{"line":39,"column":4},"end":{"line":39,"column":24}},{"start":{"line":39,"column":24},"end":{"line":39,"column":null}},{"start":{"line":40,"column":4},"end":{"line":40,"column":25}},{"start":{"line":40,"column":25},"end":{"line":40,"column":null}}],"line":38},"8":{"loc":{"start":{"line":58,"column":2},"end":{"line":58,"column":null}},"type":"if","locations":[{"start":{"line":58,"column":2},"end":{"line":58,"column":null}},{"start":{},"end":{}}],"line":58},"9":{"loc":{"start":{"line":61,"column":2},"end":{"line":61,"column":null}},"type":"if","locations":[{"start":{"line":61,"column":2},"end":{"line":61,"column":null}},{"start":{},"end":{}}],"line":61},"10":{"loc":{"start":{"line":75,"column":1},"end":{"line":77,"column":null}},"type":"if","locations":[{"start":{"line":75,"column":1},"end":{"line":77,"column":null}},{"start":{},"end":{}}],"line":75},"11":{"loc":{"start":{"line":80,"column":1},"end":{"line":82,"column":null}},"type":"if","locations":[{"start":{"line":80,"column":1},"end":{"line":82,"column":null}},{"start":{},"end":{}}],"line":80},"12":{"loc":{"start":{"line":95,"column":1},"end":{"line":99,"column":null}},"type":"default-arg","locations":[{"start":{"line":99,"column":5},"end":{"line":99,"column":null}}],"line":95},"13":{"loc":{"start":{"line":106,"column":2},"end":{"line":106,"column":null}},"type":"default-arg","locations":[{"start":{"line":106,"column":23},"end":{"line":106,"column":null}}],"line":106},"14":{"loc":{"start":{"line":107,"column":2},"end":{"line":107,"column":null}},"type":"default-arg","locations":[{"start":{"line":107,"column":24},"end":{"line":107,"column":null}}],"line":107},"15":{"loc":{"start":{"line":108,"column":2},"end":{"line":108,"column":null}},"type":"default-arg","locations":[{"start":{"line":108,"column":20},"end":{"line":108,"column":null}}],"line":108},"16":{"loc":{"start":{"line":115,"column":1},"end":{"line":120,"column":null}},"type":"if","locations":[{"start":{"line":115,"column":1},"end":{"line":120,"column":null}},{"start":{},"end":{}}],"line":115},"17":{"loc":{"start":{"line":125,"column":1},"end":{"line":128,"column":null}},"type":"if","locations":[{"start":{"line":125,"column":1},"end":{"line":128,"column":null}},{"start":{},"end":{}}],"line":125},"18":{"loc":{"start":{"line":157,"column":1},"end":{"line":161,"column":null}},"type":"if","locations":[{"start":{"line":157,"column":1},"end":{"line":161,"column":null}},{"start":{},"end":{}}],"line":157},"19":{"loc":{"start":{"line":163,"column":1},"end":{"line":167,"column":null}},"type":"if","locations":[{"start":{"line":163,"column":1},"end":{"line":167,"column":null}},{"start":{},"end":{}}],"line":163},"20":{"loc":{"start":{"line":202,"column":1},"end":{"line":206,"column":null}},"type":"if","locations":[{"start":{"line":202,"column":1},"end":{"line":206,"column":null}},{"start":{},"end":{}}],"line":202},"21":{"loc":{"start":{"line":220,"column":1},"end":{"line":222,"column":null}},"type":"if","locations":[{"st
[...]
,"locations":[{"start":{"line":46,"column":29},"end":{"line":46,"column":45}},{"start":{"line":46,"column":45},"end":{"line":46,"column":null}}],"line":46},"5":{"loc":{"start":{"line":65,"column":1},"end":{"line":68,"column":null}},"type":"if","locations":[{"start":{"line":65,"column":1},"end":{"line":68,"column":null}},{"start":{},"end":{}}],"line":65},"6":{"loc":{"start":{"line":65,"column":5},"end":{"line":65,"column":42}},"type":"binary-expr","locations":[{"start":{"line":65,"column":5},"end":{"line":65,"column":15}},{"start":{"line":65,"column":15},"end":{"line":65,"column":42}}],"line":65},"7":{"loc":{"start":{"line":73,"column":1},"end":{"line":75,"column":null}},"type":"if","locations":[{"start":{"line":73,"column":1},"end":{"line":75,"column":null}},{"start":{},"end":{}}],"line":73},"8":{"loc":{"start":{"line":78,"column":1},"end":{"line":80,"column":null}},"type":"if","locations":[{"start":{"line":78,"column":1},"end":{"line":80,"column":null}},{"start":{},"end":{}}],"line":78},"9":{"loc":{"start":{"line":86,"column":1},"end":{"line":89,"column":null}},"type":"if","locations":[{"start":{"line":86,"column":1},"end":{"line":89,"column":null}},{"start":{},"end":{}}],"line":86},"10":{"loc":{"start":{"line":86,"column":5},"end":{"line":86,"column":44}},"type":"binary-expr","locations":[{"start":{"line":86,"column":5},"end":{"line":86,"column":21}},{"start":{"line":86,"column":21},"end":{"line":86,"column":44}}],"line":86}},"s":{"0":17,"1":17,"2":10,"3":7,"4":9,"5":2,"6":2,"7":7,"8":7,"9":7,"10":2,"11":5,"12":1,"13":1,"14":8,"15":8,"16":2,"17":2,"18":6,"19":6,"20":1,"21":6,"22":1,"23":6,"24":6,"25":6,"26":1,"27":6},"f":{"0":17,"1":9,"2":8},"b":{"0":[10,7],"1":[2,7],"2":[9,8],"3":[2,5],"4":[1,0],"5":[2,6],"6":[8,7],"7":[1,5],"8":[1,5],"9":[1,5],"10":[6,2]},"meta":{"lastBranch":11,"lastFunction":3,"lastStatement":28,"seen":{"f:8:16:8:28":0,"s:10:17:10:Infinity":0,"b:13:1:15:Infinity:undefined:undefined:undefined:undefined":0,"s:13:1:15:Infinity":1,"s:14:2:14:Infinity":2,"s:17:1:17:Infinity":3,"f:24:22:24:36":1,"b:25:1:31:Infinity:undefined:undefined:undefined:undefined":1,"s:25:1:31:Infinity":4,"b:25:5:25:15:25:15:25:42":2,"s:26:26:29:Infinity":5,"s:30:2:30:Infinity":6,"s:33:22:33:Infinity":7,"s:35:1:52:Infinity":8,"b:37:2:41:Infinity:39:9:41:Infinity":3,"s:37:2:41:Infinity":9,"s:38:3:38:Infinity":10,"s:40:3:40:Infinity":11,"s:44:29:50:Infinity":12,"b:46:29:46:45:46:45:46:Infinity":4,"s:51:2:51:Infinity":13,"f:58:16:58:34":2,"s:63:26:63:Infinity":14,"b:65:1:68:Infinity:undefined:undefined:undefined:undefined":5,"s:65:1:68:Infinity":15,"b:65:5:65:15:65:15:65:42":6,"s:66:2:66:Infinity":16,"s:67:2:67:Infinity":17,"s:70:17:70:Infinity":18,"b:73:1:75:Infinity:undefined:undefined:undefined:undefined":7,"s:73:1:75:Infinity":19,"s:74:2:74:Infinity":20,"b:78:1:80:Infinity:undefined:undefined:undefined:undefined":8,"s:78:1:80:Infinity":21,"s:79:2:79:Infinity":22,"s:83:20:83:Infinity":23,"s:84:22:84:Infinity":24,"b:86:1:89:Infinity:undefined:undefined:undefined:undefined":9,"s:86:1:89:Infinity":25,"b:86:5:86:21:86:21:86:44":10,"s:88:2:88:Infinity":26,"s:91:1:95:Infinity":27}}}
,"/Users/akhilp/Documents/Gauntlet/Pharmachy Calculator/ndc-calculator/src/lib/core/quantity-calculator.ts": {"path":"/Users/akhilp/Documents/Gauntlet/Pharmachy Calculator/ndc-calculator/src/lib/core/quantity-calculator.ts","statementMap":{"0":{"start":{"line":11,"column":1},"end":{"line":17,"column":null}},"1":{"start":{"line":12,"column":26},"end":{"line":15,"column":null}},"2":{"start":{"line":16,"column":2},"end":{"line":16,"column":null}},"3":{"start":{"line":19,"column":1},"end":{"line":25,"column":null}},"4":{"start":{"line":20,"column":26},"end":{"line":23,"column":null}},"5":{"start":{"line":24,"column":2},"end":{"line":24,"column":null}},"6":{"start":{"line":27,"column":1},"end":{"line":33,"column":null}},"7":{"start":{"line":28,"column":26},"end":{"line":31,"column":null}},"8":{"start":{"line":32,"column":2},"end":{"line":32,"column":null}},"9":{"start":{"line":38,"column":1},"end":{"line":45,"column":null}},"10":{"start":{"line":39,"column":2},"end":{"line":44,"column":null}},"11":{"start":{"line":48,"column":19},"end":{"line":48,"column":null}},"12":{"start":{"line":51,"column":23},"end":{"line":51,"column":null}},"13":{"start":{"line":53,"column":1},"end":{"line":58,"column":null}},"14":{"start":{"line":68,"column":26},"end":{"line":68,"column":null}},"15":{"start":{"line":70,"column":1},"end":{"line":78,"column":null}},"16":{"start":{"line":71,"column":2},"end":{"line":71,"column":null}},"17":{"start":{"line":72,"column":1},"end":{"line":78,"column":null}},"18":{"start":{"line":73,"column":2},"end":{"line":73,"column":null}},"19":{"start":{"line":74,"column":1},"end":{"line":78,"column":null}},"20":{"start":{"line":75,"column":2},"end":{"line":75,"column":null}},"21":{"start":{"line":76,"column":1},"end":{"line":78,"column":null}},"22":{"start":{"line":77,"column":2},"end":{"line":77,"column":null}},"23":{"start":{"line":80,"column":1},"end":{"line":83,"column":null}},"24":{"start":{"line":93,"column":1},"end":{"line":99,"column":null}},"25":{"start":{"line":94,"column":26},"end":{"line":97,"column":null}},"26":{"start":{"line":98,"column":2},"end":{"line":98,"column":null}},"27":{"start":{"line":101,"column":21},"end":{"line":101,"column":null}},"28":{"start":{"line":102,"column":17},"end":{"line":102,"column":null}},"29":{"start":{"line":104,"column":1},"end":{"line":115,"column":null}},"30":{"start":{"line":105,"column":2},"end":{"line":111,"column":null}},"31":{"start":{"line":106,"column":27},"end":{"line":109,"column":null}},"32":{"start":{"line":110,"column":3},"end":{"line":110,"column":null}},"33":{"start":{"line":113,"column":2},"end":{"line":113,"column":null}},"34":{"start":{"line":114,"column":2},"end":{"line":114,"column":null}},"35":{"start":{"line":117,"column":22},"end":{"line":117,"column":null}},"36":{"start":{"line":119,"column":1},"end":{"line":124,"column":null}},"37":{"start":{"line":138,"column":28},"end":{"line":138,"column":null}},"38":{"start":{"line":139,"column":23},"end":{"line":139,"column":null}},"39":{"start":{"line":141,"column":1},"end":{"line":146,"column":null}},"40":{"start":{"line":159,"column":28},"end":{"line":159,"column":null}},"41":{"start":{"line":162,"column":1},"end":{"line":166,"column":null}},"42":{"start":{"line":163,"column":2},"end":{"line":165,"column":null}},"43":{"start":{"line":169,"column":1},"end":{"line":173,"column":null}},"44":{"start":{"line":170,"column":2},"end":{"line":172,"column":null}},"45":{"start":{"line":176,"column":1},"end":{"line":180,"column":null}},"46":{"start":{"line":177,"column":2},"end":{"line":179,"column":null}},"47":{"start":{"line":182,"column":1},"end":{"line":185,"column":null}}},"fnMap":{"0":{"name":"calculateQuantity","decl":{"start":{"line":6,"column":16},"end":{"line":6,"column":null}},"loc":{"start":{"line":9,"column":23},"end":{"line":59,"column":null}},"line":9},"1":{"name":"validateDaysSupply","decl":{"start":{"line":64,"column":16},"end":{"line":64,"column":35}},"loc":{"start":{"line":67,"column":2},"end":{"line":84,"column":null}},"line":67},"2":{"name":"calculateTaperQuantity","decl":{"start":{"line":90,"column":16},"end":{"line":90,"column":null}},"loc":{"start":{"line":92,"column":23},"end":{"line":125,"column":null}},"line":92},"3":{"name":"estimatePRNQuantity","decl":{"start":{"line":131,"column":16},"end":{"line":131,"column":null}},"loc":{"start":{"line":135,"column":23},"end":{"line":147,"column":null}},"line":135},"4":{"name":"isQuantityReasonable","decl":{"start":{"line":153,"column":16},"end":{"line":153,"column":null}},"loc":{"start":{"line":158,"column":2},"end":{"line":186,"column":null}},"line":158}},"branchMap":{"0":{"loc":{"start":{"line":11,"column":1},"end":{"line":17,"column":null}},"type":"if","locations":[{"start":{"line":11,"column":1},"end":{"line":17,"column":null}},{"start":{},"end":{}}],"line":11},"1":{"loc":{"start":{"line":19,"column":1},"end":{"line":25,"column":null}},"type":"if","locations":[{"start":{"line":19,"column":1},"end":{"line":25,"column":null}},{"start":{},"end":{}}],"line":19},"2":{"loc":{"start":{"line":27,"column":1},"end":{"line":33,"column":null}},"type":"if","locations":[{"start":{"line":27,"column":1},"end":{"line":33,"column":null}},{"start":{},"end":{}}],"line":27},"3":{"loc":{"start":{"line":38,"column":1},"end":{"line":45,"column":null}},"type":"if","locations":[{"start":{"line":38,"column":1},"end":{"line":45,"column":null}},{"start":{},"end":{}}],"line":38},"4":{"loc":{"start":{"line":38,"column":5},"end":{"line":38,"column":45}},"type":"binary-expr","locations":[{"start":{"line":38,"column":5},"end":{"line":38,"column":28}},{"start":{"line":38,"column":28},"end":{"line":38,"column":45}}],"line":38},"5":{"loc":{"start":{"line":70,"column":1},"end":{"line":78,"column":null}},"type":"if","locations":[{"start":{"line":70,"column":1},"end":{"line":78,"column":null}},{"start":{"line":72,"column":1},"end":{"line":78,"column":null}}],"line":70},"6":{"loc":{"start":{"line":70,"column":5},"end":{"line":70,"column":58}},"type":"binary-expr","locations":[{"start":{"line":70,"column":5},"end":{"line":70,"column":39}},{"start":{"line":70,"column":39},"end":{"line":70,"column":58}}],"line":70},"7":{"loc":{"start":{"line":72,"column":1},"end":{"line":78,"column":null}},"type":"if","locations":[{"start":{"line":72,"column":1},"end":{"line":78,"column":null}},{"start":{"line":74,"column":1},"end":{"line":78,"column":null}}],"line":72},"8":{"loc":{"start":{"line":74,"column":1},"end":{"line":78,"column":null}},"type":"if","locations":[{"start":{"line":74,"column":1},"end":{"line":78,"column":null}},{"start":{"line":76,"column":1},"end":{"line":78,"column":null}}],"line":74},"9":{"loc":{"start":{"line":76,"column":1},"end":{"line":78,"column":null}},"type":"if","locations":[{"start":{"line":76,"column":1},"end":{"line":78,"column":null}},{"start":{},"end":{}}],"line":76},"10":{"loc":{"start":{"line":93,"column":1},"end":{"line":99,"column":null}},"type":"if","locations":[{"start":{"line":93,"column":1},"end":{"line":99,"column":null}},{"start":{},"end":{}}],"line":93},"11":{"loc":{"start":{"line":93,"column":5},"end":{"line":93,"column":51}},"type":"binary-expr","locations":[{"start":{"line":93,"column":5},"end":{"line":93,"column":23}},{"start":{"line":93,"column":23},"end":{"line":93,"column":51}}],"line":93},"12":{"loc":{"start":{"line":105,"column":2},"end":{"line":111,"column":null}},"type":"if","locations":[{"start":{"line":105,"column":2},"end":{"line":111,"column":null}},{"start":{},"end":{}}],"line":105},"13":{"loc":{"start":{"line":105,"column":6},"end":{"line":105,"column":42}},"type":"binary-expr","locations":[{"start":{"line":105,"column":6},"end":{"line":105,"column":26}},{"start":{"line":105,"column":26},"end":{"line":105,"column":42}}],"line":105},"14":{"loc":{"start":{"line":117,"column":22},"end":{"line":117,"column":null}},"type":"cond-expr","locations":[{"start":{"line":117,"column":38},"end":{"line":117,"column":66}},{"start":{"line":117,"column":66},"end":{"line":117,"column":null}}],"line":117},"15":{"loc":{"start":{"line":134,"column":1},"end":{"line":134,"column":null}},"type":"default-arg","locations":[{"start":{"line":134,"column":23},"end":{"line":134,"column":null}}],"line":134},"16":{"loc":{"start":{"line":162,"column":1},"end":{"line":166,"column":null}},"type":"if","locations":[{"start":{"line":162,"column":1},"end":{"line":166,"column":null}},{"start":{},"end":{}}],"line":162},"17":{"loc":{"start":{"line":169,"column":1},"end":{"line":173,"column":null}},"type":"if","locations":[{"start":{"line":169,"column":1},"end":{"line":173,"column":null}},{"start":{},"end":{}}],"line":169},"18":{"loc":{"start":{"line":176,"column":1},"end":{"line":180,"column":null}},"type":"if","locations":[{"start":{"line":176,"column":1},"end":{"line":180,"column":null}},{"start":{},"end":{}}],"line":176}},"s":{"0":10,"1":1,"2":1,"3":9,"4":2,"5":2,"6":7,"7":1,"8":1,"9":6,"10":2,"11":4,"12":4,"13":4,"14":8,"15":8,"16":1,"17":7,"18":2,"19":5,"20":1,"21":4,"22":1,"23":8,"24":5,"25":1,"26":1,"27":4,"28":4,"29":4,"30":12,"31":2,"32":2,"33":10,"34":10,"35":2,"36":5,"37":2,"38":2,"39":2,"40":4,"41":4,"42":1,"43":4,"44":1,"45":4,"46":1,"47":4},"f":{"0":10,"1":8,"2":5,"3":2,"4":4},"b":{"0":[1,9],"1":[2,7],"2":[1,6],"3":[2,4],"4":[6,4],"5":[1,7],"6":[8,8],"7":[2,5],"8":[1,4],"9":[1,3],"10":[1,4],"11":[5,5],"12":[2,10],"13":[12,11],"14":[2,0],"15":[2],"16":[1,3],"17":[1,3],"18":[1,3]},"meta":{"lastBranch":19,"lastFunction":5,"lastStatement":48,"seen":{"f:6:16:6:Infinity":0,"b:11:1:17:Infinity:undefined:undefined:undefined:undefined":0,"s:11:1:17:Infinity":0,"s:12:26:15:Infinity":1,"s:16:2:16:Infinity":2,"b:19:1:25:Infinity:undefined:undefined:undefined:undefined":1,"s:19:1:25:Infinity":3,"s:20:26:23:Infinity":4,"s:24:2:24:Infinity":5,"b:27:1:33:Infinity:undefined:undefined:undefined:undefined":2,"s:27:1:33:Infinity":6,"s:28:26:31:Infinity":7,"s:32:2:32:Infinity":8,"b:38:1:45:Infinity:undefined:undefined:undefined:undefined":3,"s:38:1:45:Infinity":9,"b:38:5:38:28:38:28:38:45":4,"s:39:2:44:Infinity":10,"s:48:19:48:Infinity":11,"s:51:23:51:Infinity":12,"s:53:1:58:Infinity":13,"f:64:16:64:35":1,"s:68:26:68:Infinity":14,"b:70:1:78:Infinity:72:1:78:Infinity":5,"s:70:1:78:Infinity":15,"b:70:5:70:39:70:39:70:58":6,"s:71:2:71:Infinity":16,"b:72:1:78:Infinity:74:1:78:Infinity":7,"s:72:1:78:Infinity":17,"s:73:2:73:Infinity":18,"b:74:1:78:Infinity:76:1:78:Infinity":8,"s:74:1:78:Infinity":19,"s:75:2:75:Infinity":20,"b:76:1:78:Infinity:undefined:undefined:undefined:undefined":9,"s:76:1:78:Infinity":21,"s:77:2:77:Infinity":22,"s:80:1:83:Infinity":23,"f:90:16:90:Infinity":2,"b:93:1:99:Infinity:undefined:undefined:undefined:undefined":10,"s:93:1:99:Infinity":24,"b:93:5:93:23:93:23:93:51":11,"s:94:26:97:Infinity":25,"s:98:2:98:Infinity":26,"s:101:21:101:Infinity":27,"s:102:17:102:Infinity":28,"s:104:1:115:Infinity":29,"b:105:2:111:Infinity:undefined:undefined:undefined:undefined":12,"s:105:2:111:Infinity":30,"b:105:6:105:26:105:26:105:42":13,"s:106:27:109:Infinity":31,"s:110:3:110:Infinity":32,"s:113:2:113:Infinity":33,"s:114:2:114:Infinity":34,"s:117:22:117:Infinity":35,"b:117:38:117:66:117:66:117:Infinity":14,"s:119:1:124:Infinity":36,"f:131:16:131:Infinity":3,"b:134:23:134:Infinity":15,"s:138:28:138:Infinity":37,"s:139:23:139:Infinity":38,"s:141:1:146:Infinity":39,"f:153:16:153:Infinity":4,"s:159:28:159:Infinity":40,"b:162:1:166:Infinity:undefined:undefined:undefined:undefined":16,"s:162:1:166:Infinity":41,"s:163:2:165:Infinity":42,"b:169:1:173:Infinity:undefined:undefined:undefined:undefined":17,"s:169:1:173:Infinity":43,"s:170:2:172:Infinity":44,"b:176:1:180:Infinity:undefined:undefined:undefined:undefined":18,"s:176:1:180:Infinity":45,"s:177:2:179:Infinity":46,"s:182:1:185:Infinity":47}}}
,"/Users/akhilp/Documents/Gauntlet/Pharmachy Calculator/ndc-calculator/src/routes/api/calculate/+server.ts": {"path":"/Users/akhilp/Documents/Gauntlet/Pharmachy Calculator/ndc-calculator/src/routes/api/calculate/+server.ts","statementMap":{"0":{"start":{"line":9,"column":33},"end":{"line":23,"column":null}},"1":{"start":{"line":25,"column":36},"end":{"line":96,"column":null}},"2":{"start":{"line":27,"column":22},"end":{"line":27,"column":null}},"3":{"start":{"line":28,"column":1},"end":{"line":35,"column":null}},"4":{"start":{"line":29,"column":2},"end":{"line":34,"column":null}},"5":{"start":{"line":30,"column":3},"end":{"line":30,"column":null}},"6":{"start":{"line":32,"column":3},"end":{"line":32,"column":null}},"7":{"start":{"line":39,"column":1},"end":{"line":46,"column":null}},"8":{"start":{"line":40,"column":2},"end":{"line":40,"column":null}},"9":{"start":{"line":42,"column":2},"end":{"line":45,"column":null}},"10":{"start":{"line":49,"column":26},"end":{"line":49,"column":null}},"11":{"start":{"line":50,"column":1},"end":{"line":61,"column":null}},"12":{"start":{"line":51,"column":17},"end":{"line":54,"column":null}},"13":{"start":{"line":52,"column":16},"end":{"line":52,"column":null}},"14":{"start":{"line":53,"column":3},"end":{"line":53,"column":null}},"15":{"start":{"line":56,"column":2},"end":{"line":60,"column":null}},"16":{"start":{"line":63,"column":15},"end":{"line":63,"column":null}},"17":{"start":{"line":66,"column":1},"end":{"line":95,"column":null}},"18":{"start":{"line":67,"column":17},"end":{"line":67,"column":null}},"19":{"start":{"line":70,"column":17},"end":{"line":70,"column":null}},"20":{"start":{"line":73,"column":24},"end":{"line":73,"column":null}},"21":{"start":{"line":74,"column":27},"end":{"line":78,"column":null}},"22":{"start":{"line":80,"column":2},"end":{"line":83,"column":null}},"23":{"start":{"line":86,"column":2},"end":{"line":86,"column":null}},"24":{"start":{"line":89,"column":3},"end":{"line":89,"column":null}},"25":{"start":{"line":91,"column":2},"end":{"line":94,"column":null}}},"fnMap":{"0":{"name":"(anonymous_0)","decl":{"start":{"line":25,"column":36},"end":{"line":25,"column":43}},"loc":{"start":{"line":25,"column":77},"end":{"line":96,"column":null}},"line":25},"1":{"name":"(anonymous_1)","decl":{"start":{"line":51,"column":51},"end":{"line":51,"column":52}},"loc":{"start":{"line":51,"column":60},"end":{"line":54,"column":3}},"line":51}},"branchMap":{"0":{"loc":{"start":{"line":27,"column":22},"end":{"line":27,"column":null}},"type":"binary-expr","locations":[{"start":{"line":27,"column":22},"end":{"line":27,"column":44}},{"start":{"line":27,"column":44},"end":{"line":27,"column":null}}],"line":27},"1":{"loc":{"start":{"line":28,"column":1},"end":{"line":35,"column":null}},"type":"if","locations":[{"start":{"line":28,"column":1},"end":{"line":35,"column":null}},{"start":{},"end":{}}],"line":28},"2":{"loc":{"start":{"line":50,"column":1},"end":{"line":61,"column":null}},"type":"if","locations":[{"start":{"line":50,"column":1},"end":{"line":61,"column":null}},{"start":{},"end":{}}],"line":50},"3":{"loc":{"start":{"line":70,"column":17},"end":{"line":70,"column":null}},"type":"cond-expr","locations":[{"start":{"line":70,"column":34},"end":{"line":70,"column":40}},{"start":{"line":70,"column":40},"end":{"line":70,"column":null}}],"line":70},"4":{"loc":{"start":{"line":70,"column":40},"end":{"line":70,"column":null}},"type":"cond-expr","locations":[{"start":{"line":70,"column":56},"end":{"line":70,"column":62}},{"start":{"line":70,"column":62},"end":{"line":70,"column":null}}],"line":70},"5":{"loc":{"start":{"line":89,"column":3},"end":{"line":89,"column":null}},"type":"cond-expr","locations":[{"start":{"line":89,"column":26},"end":{"line":89,"column":40}},{"start":{"line":89,"column":40},"end":{"line":89,"column":null}}],"line":89}},"s":{"0":1,"1":1,"2":17,"3":17,"4":17,"5":17,"6":1,"7":17,"8":17,"9":1,"10":16,"11":16,"12":8,"13":8,"14":8,"15":8,"16":8,"17":8,"18":8,"19":6,"20":17,"21":17,"22":17,"23":2,"24":2,"25":2},"f":{"0":17,"1":8},"b":{"0":[17,0],"1":[17,0],"2":[8,8],"3":[5,1],"4":[1,0],"5":[1,1]},"meta":{"lastBranch":6,"lastFunction":2,"lastStatement":26,"seen":{"s:9:33:23:Infinity":0,"s:25:36:96:Infinity":1,"f:25:36:25:43":0,"s:27:22:27:Infinity":2,"b:27:22:27:44:27:44:27:Infinity":0,"b:28:1:35:Infinity:undefined:undefined:undefined:undefined":1,"s:28:1:35:Infinity":3,"s:29:2:34:Infinity":4,"s:30:3:30:Infinity":5,"s:32:3:32:Infinity":6,"s:39:1:46:Infinity":7,"s:40:2:40:Infinity":8,"s:42:2:45:Infinity":9,"s:49:26:49:Infinity":10,"b:50:1:61:Infinity:undefined:undefined:undefined:undefined":2,"s:50:1:61:Infinity":11,"s:51:17:54:Infinity":12,"f:51:51:51:52":1,"s:52:16:52:Infinity":13,"s:53:3:53:Infinity":14,"s:56:2:60:Infinity":15,"s:63:15:63:Infinity":16,"s:66:1:95:Infinity":17,"s:67:17:67:Infinity":18,"s:70:17:70:Infinity":19,"b:70:34:70:40:70:40:70:Infinity":3,"b:70:56:70:62:70:62:70:Infinity":4,"s:73:24:73:Infinity":20,"s:74:27:78:Infinity":21,"s:80:2:83:Infinity":22,"s:86:2:86:Infinity":23,"s:89:3:89:Infinity":24,"b:89:26:89:40:89:40:89:Infinity":5,"s:91:2:94:Infinity":25}}}
}
